<testsuite errors="0" failures="0" name="Django Project Tests" skips="0" tests="31" time="5.830"><testcase classname="brownfield_django.main.tests.test_models.TestCourseFactory" name="test_unicode" time="0.062772" /><testcase classname="brownfield_django.main.tests.test_models.TestHistoryFactory" name="test_unicode" time="0.136367" /><testcase classname="brownfield_django.main.tests.test_models.TestPerformedTestFactory" name="test_unicode" time="0.001578" /><testcase classname="brownfield_django.main.tests.test_models.TestStudentProfileFactory" name="test_unicode" time="0.118413" /><testcase classname="brownfield_django.main.tests.test_models.TestTeacherProfileFactory" name="test_unicode" time="0.116048" /><testcase classname="brownfield_django.main.tests.test_models.TestTeamFactory" name="test_unicode" time="0.118749" /><testcase classname="brownfield_django.main.tests.test_models.TestUserFactory" name="test_unicode" time="0.057374" /><testcase classname="brownfield_django.main.tests.test_models.TestUserProfileFactory" name="test_unicode" time="0.119735" /><testcase classname="brownfield_django.main.tests.test_views.BasicTest" name="test_root" time="0.143475" /><testcase classname="brownfield_django.main.tests.test_views.BasicTest" name="test_smoketest" time="0.003430" /><testcase classname="brownfield_django.main.tests.test_views.PagetreeViewTestsLoggedIn" name="test_edit_page" time="0.461971" /><testcase classname="brownfield_django.main.tests.test_views.PagetreeViewTestsLoggedIn" name="test_instructor_page" time="0.148252" /><testcase classname="brownfield_django.main.tests.test_views.PagetreeViewTestsLoggedIn" name="test_page" time="0.159806" /><testcase classname="brownfield_django.main.tests.test_views.PagetreeViewTestsLoggedOut" name="test_edit_page" time="0.011014" /><testcase classname="brownfield_django.main.tests.test_views.PagetreeViewTestsLoggedOut" name="test_instructor_page" time="0.011534" /><testcase classname="brownfield_django.main.tests.test_views.PagetreeViewTestsLoggedOut" name="test_page" time="0.046161" /><testcase classname="brownfield_django.main.tests.test_views.TestAnnonymousUserLogin" name="test_home" time="0.015576" /><testcase classname="brownfield_django.main.tests.test_views.TestInstructorLogin" name="test_get_course" time="0.286189" /><testcase classname="brownfield_django.main.tests.test_views.TestInstructorLogin" name="test_get_document" time="0.284579" /><testcase classname="brownfield_django.main.tests.test_views.TestInstructorLogin" name="test_get_student" time="0.287843" /><testcase classname="brownfield_django.main.tests.test_views.TestInstructorLogin" name="test_get_team" time="0.287007" /><testcase classname="brownfield_django.main.tests.test_views.TestInstructorLogin" name="test_home" time="0.326372"><system-out>GET home view
</system-out></testcase><testcase classname="brownfield_django.main.tests.test_views.TestInstructorLogin" name="test_post_course" time="0.287507" /><testcase classname="brownfield_django.main.tests.test_views.TestInstructorLogin" name="test_post_document" time="0.290279" /><testcase classname="brownfield_django.main.tests.test_views.TestInstructorLogin" name="test_post_student" time="0.294481" /><testcase classname="brownfield_django.main.tests.test_views.TestInstructorLogin" name="test_post_team" time="0.289571" /><testcase classname="brownfield_django.main.tests.test_views.TestInstructorLogin" name="test_remove_course" time="0.288183" /><testcase classname="brownfield_django.main.tests.test_views.TestInstructorLogin" name="test_remove_student" time="0.294237" /><testcase classname="brownfield_django.main.tests.test_views.TestInstructorLogin" name="test_update_course" time="0.288223" /><testcase classname="brownfield_django.main.tests.test_views.TestInstructorLogin" name="test_update_student" time="0.288988" /><testcase classname="brownfield_django.main.tests.test_views.TestInstructorLogin" name="test_update_team" time="0.293622" /></testsuite>