<testsuite errors="0" failures="0" name="Django Project Tests" skips="0" tests="31" time="5.994"><testcase classname="brownfield_django.main.tests.test_models.TestCourseFactory" name="test_unicode" time="0.061864" /><testcase classname="brownfield_django.main.tests.test_models.TestHistoryFactory" name="test_unicode" time="0.120479" /><testcase classname="brownfield_django.main.tests.test_models.TestPerformedTestFactory" name="test_unicode" time="0.001450" /><testcase classname="brownfield_django.main.tests.test_models.TestStudentProfileFactory" name="test_unicode" time="0.225525" /><testcase classname="brownfield_django.main.tests.test_models.TestTeacherProfileFactory" name="test_unicode" time="0.153109" /><testcase classname="brownfield_django.main.tests.test_models.TestTeamFactory" name="test_unicode" time="0.179897" /><testcase classname="brownfield_django.main.tests.test_models.TestUserFactory" name="test_unicode" time="0.058904" /><testcase classname="brownfield_django.main.tests.test_models.TestUserProfileFactory" name="test_unicode" time="0.124063" /><testcase classname="brownfield_django.main.tests.test_views.BasicTest" name="test_root" time="0.106336" /><testcase classname="brownfield_django.main.tests.test_views.BasicTest" name="test_smoketest" time="0.003384" /><testcase classname="brownfield_django.main.tests.test_views.PagetreeViewTestsLoggedIn" name="test_edit_page" time="0.353716" /><testcase classname="brownfield_django.main.tests.test_views.PagetreeViewTestsLoggedIn" name="test_instructor_page" time="0.152580" /><testcase classname="brownfield_django.main.tests.test_views.PagetreeViewTestsLoggedIn" name="test_page" time="0.163703" /><testcase classname="brownfield_django.main.tests.test_views.PagetreeViewTestsLoggedOut" name="test_edit_page" time="0.010732" /><testcase classname="brownfield_django.main.tests.test_views.PagetreeViewTestsLoggedOut" name="test_instructor_page" time="0.011954" /><testcase classname="brownfield_django.main.tests.test_views.PagetreeViewTestsLoggedOut" name="test_page" time="0.044969" /><testcase classname="brownfield_django.main.tests.test_views.TestAnnonymousUserLogin" name="test_home" time="0.016267" /><testcase classname="brownfield_django.main.tests.test_views.TestInstructorLogin" name="test_get_course" time="0.295635" /><testcase classname="brownfield_django.main.tests.test_views.TestInstructorLogin" name="test_get_document" time="0.295412" /><testcase classname="brownfield_django.main.tests.test_views.TestInstructorLogin" name="test_get_student" time="0.293127" /><testcase classname="brownfield_django.main.tests.test_views.TestInstructorLogin" name="test_get_team" time="0.295269" /><testcase classname="brownfield_django.main.tests.test_views.TestInstructorLogin" name="test_home" time="0.313585"><system-out>GET home view
</system-out></testcase><testcase classname="brownfield_django.main.tests.test_views.TestInstructorLogin" name="test_post_course" time="0.297552" /><testcase classname="brownfield_django.main.tests.test_views.TestInstructorLogin" name="test_post_document" time="0.299695" /><testcase classname="brownfield_django.main.tests.test_views.TestInstructorLogin" name="test_post_student" time="0.297220" /><testcase classname="brownfield_django.main.tests.test_views.TestInstructorLogin" name="test_post_team" time="0.309726" /><testcase classname="brownfield_django.main.tests.test_views.TestInstructorLogin" name="test_remove_course" time="0.305089" /><testcase classname="brownfield_django.main.tests.test_views.TestInstructorLogin" name="test_remove_student" time="0.303514" /><testcase classname="brownfield_django.main.tests.test_views.TestInstructorLogin" name="test_update_course" time="0.295419" /><testcase classname="brownfield_django.main.tests.test_views.TestInstructorLogin" name="test_update_student" time="0.296135" /><testcase classname="brownfield_django.main.tests.test_views.TestInstructorLogin" name="test_update_team" time="0.296458" /></testsuite>