<testsuite errors="0" failures="1" name="Django Project Tests" skips="0" tests="19" time="2.482"><testcase classname="brownfield_django.main.tests.test_models.TestCourseFactory" name="test_unicode" time="0.069605" /><testcase classname="brownfield_django.main.tests.test_models.TestHistoryFactory" name="test_unicode" time="0.140242" /><testcase classname="brownfield_django.main.tests.test_models.TestPerformedTestFactory" name="test_unicode" time="0.001514" /><testcase classname="brownfield_django.main.tests.test_models.TestStudentProfileFactory" name="test_unicode" time="0.141319" /><testcase classname="brownfield_django.main.tests.test_models.TestTeacherProfileFactory" name="test_unicode" time="0.135842" /><testcase classname="brownfield_django.main.tests.test_models.TestTeamFactory" name="test_unicode" time="0.132822" /><testcase classname="brownfield_django.main.tests.test_models.TestUserFactory" name="test_unicode" time="0.065763" /><testcase classname="brownfield_django.main.tests.test_models.TestUserProfileFactory" name="test_unicode" time="0.129006" /><testcase classname="brownfield_django.main.tests.test_views.BasicTest" name="test_root" time="0.126244" /><testcase classname="brownfield_django.main.tests.test_views.BasicTest" name="test_smoketest" time="0.003459" /><testcase classname="brownfield_django.main.tests.test_views.PagetreeViewTestsLoggedIn" name="test_edit_page" time="0.401815" /><testcase classname="brownfield_django.main.tests.test_views.PagetreeViewTestsLoggedIn" name="test_instructor_page" time="0.169285" /><testcase classname="brownfield_django.main.tests.test_views.PagetreeViewTestsLoggedIn" name="test_page" time="0.183818" /><testcase classname="brownfield_django.main.tests.test_views.PagetreeViewTestsLoggedOut" name="test_edit_page" time="0.013962" /><testcase classname="brownfield_django.main.tests.test_views.PagetreeViewTestsLoggedOut" name="test_instructor_page" time="0.013843" /><testcase classname="brownfield_django.main.tests.test_views.PagetreeViewTestsLoggedOut" name="test_page" time="0.051417" /><testcase classname="brownfield_django.main.tests.test_views.TestAnnonymousUserLogin" name="test_home" time="0.017624" /><testcase classname="brownfield_django.main.tests.test_views.TestInstructorLogin" name="test_home" time="0.352278"><system-out>GET home view
</system-out></testcase><testcase classname="brownfield_django.main.tests.test_views.TestInstructorLogin" name="test_post_course" time="0.323047"><failure message="301 != 200" type="exceptions.AssertionError">Traceback (most recent call last):
  File "/home/cdunlop/brownfield_django/brownfield_django/main/tests/test_views.py", line 219, in test_post_course
    self.assertEqual(request.status_code, 200)
AssertionError: 301 != 200
</failure></testcase></testsuite>