<testsuite errors="0" failures="0" name="Django Project Tests" skips="0" tests="39" time="12.457"><testcase classname="brownfield_django.main.tests.test_views.BasicTest" name="test_root" time="0.941737" /><testcase classname="brownfield_django.main.tests.test_views.BasicTest" name="test_smoketest" time="0.037921" /><testcase classname="brownfield_django.main.tests.test_views.PagetreeViewTestsLoggedIn" name="test_edit_page" time="1.765909" /><testcase classname="brownfield_django.main.tests.test_views.PagetreeViewTestsLoggedIn" name="test_instructor_page" time="0.305918" /><testcase classname="brownfield_django.main.tests.test_views.PagetreeViewTestsLoggedIn" name="test_page" time="0.495378" /><testcase classname="brownfield_django.main.tests.test_views.PagetreeViewTestsLoggedOut" name="test_edit_page" time="0.022494" /><testcase classname="brownfield_django.main.tests.test_views.PagetreeViewTestsLoggedOut" name="test_instructor_page" time="0.023720" /><testcase classname="brownfield_django.main.tests.test_views.PagetreeViewTestsLoggedOut" name="test_page" time="0.080138" /><testcase classname="brownfield_django.main.tests.test_views.TestAnnonymousUserLogin" name="test_home" time="0.207263" /><testcase classname="brownfield_django.main.tests.test_admin_views.TestAdminViews" name="test_add_course_by_name" time="0.358737" /><testcase classname="brownfield_django.main.tests.test_admin_views.TestAdminViews" name="test_create_student" time="0.314273" /><testcase classname="brownfield_django.main.tests.test_admin_views.TestAdminViews" name="test_get_all_courses" time="0.316798" /><testcase classname="brownfield_django.main.tests.test_admin_views.TestAdminViews" name="test_get_course_details" time="0.311197" /><testcase classname="brownfield_django.main.tests.test_admin_views.TestAdminViews" name="test_get_documents" time="0.537030" /><testcase classname="brownfield_django.main.tests.test_admin_views.TestAdminViews" name="test_get_students" time="0.306156" /><testcase classname="brownfield_django.main.tests.test_admin_views.TestAdminViews" name="test_get_team" time="0.310036" /><testcase classname="brownfield_django.main.tests.test_admin_views.TestAdminViews" name="test_get_user_courses" time="0.296067" /><testcase classname="brownfield_django.main.tests.test_admin_views.TestAdminViews" name="test_home" time="0.630178" /><testcase classname="brownfield_django.main.tests.test_admin_views.TestAdminViews" name="test_home_redirect" time="0.351334" /><testcase classname="brownfield_django.main.tests.test_admin_views.TestAdminViews" name="test_post_team" time="0.314165" /><testcase classname="brownfield_django.main.tests.test_admin_views.TestAdminViews" name="test_release_revoke_document" time="0.532729" /><testcase classname="brownfield_django.main.tests.test_admin_views.TestAdminViews" name="test_remove_course" time="0.304546" /><testcase classname="brownfield_django.main.tests.test_admin_views.TestAdminViews" name="test_remove_student" time="0.282082" /><testcase classname="brownfield_django.main.tests.test_admin_views.TestAdminViews" name="test_update_course" time="0.309100" /><testcase classname="brownfield_django.main.tests.test_admin_views.TestAdminViews" name="test_update_student" time="0.301654" /><testcase classname="brownfield_django.main.tests.test_admin_views.TestAdminViews" name="test_update_team" time="0.307898" /><testcase classname="brownfield_django.main.tests.test_models.TestAdminProfileFactory" name="test_unicode" time="0.211396" /><testcase classname="brownfield_django.main.tests.test_models.TestCourseFactory" name="test_unicode" time="0.104330" /><testcase classname="brownfield_django.main.tests.test_models.TestCourseMethods" name="test_course_get_documents" time="0.413295" /><testcase classname="brownfield_django.main.tests.test_models.TestCourseMethods" name="test_course_get_form" time="0.101908" /><testcase classname="brownfield_django.main.tests.test_models.TestCourseMethods" name="test_course_get_students" time="0.111006" /><testcase classname="brownfield_django.main.tests.test_models.TestCourseMethods" name="test_course_get_teams" time="0.306489" /><testcase classname="brownfield_django.main.tests.test_models.TestHistoryFactory" name="test_unicode" time="0.238815" /><testcase classname="brownfield_django.main.tests.test_models.TestPerformedTestFactory" name="test_unicode" time="0.001984" /><testcase classname="brownfield_django.main.tests.test_models.TestStudentProfileFactory" name="test_unicode" time="0.230930" /><testcase classname="brownfield_django.main.tests.test_models.TestTeacherProfileFactory" name="test_unicode" time="0.222203" /><testcase classname="brownfield_django.main.tests.test_models.TestTeamProfileFactory" name="test_unicode" time="0.218295" /><testcase classname="brownfield_django.main.tests.test_models.TestUserFactory" name="test_unicode" time="0.106506" /><testcase classname="brownfield_django.main.tests.test_models.TestUserProfileFactory" name="test_unicode" time="0.205856" /></testsuite>