<?xml version="1.0" encoding="utf-8"?>
<testsuites><testsuite name="brownfield_django.main.tests.test_models.BasicModelTest"><testcase classname="brownfield_django.main.tests.test_models.BasicModelTest" name="test_dummy" time="0.000083"></testcase></testsuite><testsuite name="brownfield_django.main.tests.test_views.BasicTest"><testcase classname="brownfield_django.main.tests.test_views.BasicTest" name="test_root" time="0.111719"></testcase><testcase classname="brownfield_django.main.tests.test_views.BasicTest" name="test_smoketest" time="0.004513"></testcase></testsuite><testsuite name="brownfield_django.main.tests.test_views.PagetreeViewTestsLoggedIn"><testcase classname="brownfield_django.main.tests.test_views.PagetreeViewTestsLoggedIn" name="test_edit_page" time="0.197889"></testcase><testcase classname="brownfield_django.main.tests.test_views.PagetreeViewTestsLoggedIn" name="test_instructor_page" time="0.115083"></testcase><testcase classname="brownfield_django.main.tests.test_views.PagetreeViewTestsLoggedIn" name="test_page" time="0.121562"></testcase></testsuite><testsuite name="brownfield_django.main.tests.test_views.PagetreeViewTestsLoggedOut"><testcase classname="brownfield_django.main.tests.test_views.PagetreeViewTestsLoggedOut" name="test_edit_page" time="0.012408"></testcase><testcase classname="brownfield_django.main.tests.test_views.PagetreeViewTestsLoggedOut" name="test_instructor_page" time="0.012366"></testcase><testcase classname="brownfield_django.main.tests.test_views.PagetreeViewTestsLoggedOut" name="test_page" time="0.041476"></testcase></testsuite></testsuites>