<testsuite errors="0" failures="0" name="Django Project Tests" skips="0" tests="20" time="2.602"><testcase classname="brownfield_django.main.tests.test_models.TestCourseFactory" name="test_unicode" time="0.062236" /><testcase classname="brownfield_django.main.tests.test_models.TestHistoryFactory" name="test_unicode" time="0.123797" /><testcase classname="brownfield_django.main.tests.test_models.TestPerformedTestFactory" name="test_unicode" time="0.001466" /><testcase classname="brownfield_django.main.tests.test_models.TestStudentProfileFactory" name="test_unicode" time="0.119535" /><testcase classname="brownfield_django.main.tests.test_models.TestTeacherProfileFactory" name="test_unicode" time="0.120529" /><testcase classname="brownfield_django.main.tests.test_models.TestTeamFactory" name="test_unicode" time="0.121811" /><testcase classname="brownfield_django.main.tests.test_models.TestUserFactory" name="test_unicode" time="0.061349" /><testcase classname="brownfield_django.main.tests.test_models.TestUserProfileFactory" name="test_unicode" time="0.122123" /><testcase classname="brownfield_django.main.tests.test_views.BasicTest" name="test_root" time="0.121756" /><testcase classname="brownfield_django.main.tests.test_views.BasicTest" name="test_smoketest" time="0.003394" /><testcase classname="brownfield_django.main.tests.test_views.PagetreeViewTestsLoggedIn" name="test_edit_page" time="0.378260" /><testcase classname="brownfield_django.main.tests.test_views.PagetreeViewTestsLoggedIn" name="test_instructor_page" time="0.158413" /><testcase classname="brownfield_django.main.tests.test_views.PagetreeViewTestsLoggedIn" name="test_page" time="0.168645" /><testcase classname="brownfield_django.main.tests.test_views.PagetreeViewTestsLoggedOut" name="test_edit_page" time="0.010905" /><testcase classname="brownfield_django.main.tests.test_views.PagetreeViewTestsLoggedOut" name="test_instructor_page" time="0.010742" /><testcase classname="brownfield_django.main.tests.test_views.PagetreeViewTestsLoggedOut" name="test_page" time="0.045237" /><testcase classname="brownfield_django.main.tests.test_views.TestAnnonymousUserLogin" name="test_home" time="0.018000" /><testcase classname="brownfield_django.main.tests.test_views.TestInstructorLogin" name="test_get_course" time="0.313199" /><testcase classname="brownfield_django.main.tests.test_views.TestInstructorLogin" name="test_home" time="0.321276"><system-out>GET home view
</system-out></testcase><testcase classname="brownfield_django.main.tests.test_views.TestInstructorLogin" name="test_post_course" time="0.311523" /></testsuite>