<testsuite errors="0" failures="0" name="Django Project Tests" skips="0" tests="48" time="8.643"><testcase classname="brownfield_django.main.tests.test_team_views.TestTeamLogin" name="test_home" time="0.184599" /><testcase classname="brownfield_django.main.tests.test_team_views.TestTeamLogin" name="test_home_redirect" time="0.170846" /><testcase classname="brownfield_django.main.tests.test_models.TestCourseFactory" name="test_unicode" time="0.059212" /><testcase classname="brownfield_django.main.tests.test_models.TestHistoryFactory" name="test_unicode" time="0.117131" /><testcase classname="brownfield_django.main.tests.test_models.TestPerformedTestFactory" name="test_unicode" time="0.001466" /><testcase classname="brownfield_django.main.tests.test_models.TestTeacherProfileFactory" name="test_unicode" time="0.117351" /><testcase classname="brownfield_django.main.tests.test_models.TestTeamProfileFactory" name="test_unicode" time="0.118277" /><testcase classname="brownfield_django.main.tests.test_models.TestUserFactory" name="test_unicode" time="0.057672" /><testcase classname="brownfield_django.main.tests.test_models.TestUserProfileFactory" name="test_unicode" time="0.116891" /><testcase classname="brownfield_django.main.tests.test_views.BasicTest" name="test_root" time="0.101742" /><testcase classname="brownfield_django.main.tests.test_views.BasicTest" name="test_smoketest" time="0.003335" /><testcase classname="brownfield_django.main.tests.test_views.PagetreeViewTestsLoggedIn" name="test_edit_page" time="0.337409" /><testcase classname="brownfield_django.main.tests.test_views.PagetreeViewTestsLoggedIn" name="test_instructor_page" time="0.152880" /><testcase classname="brownfield_django.main.tests.test_views.PagetreeViewTestsLoggedIn" name="test_page" time="0.161157" /><testcase classname="brownfield_django.main.tests.test_views.PagetreeViewTestsLoggedOut" name="test_edit_page" time="0.010963" /><testcase classname="brownfield_django.main.tests.test_views.PagetreeViewTestsLoggedOut" name="test_instructor_page" time="0.010742" /><testcase classname="brownfield_django.main.tests.test_views.PagetreeViewTestsLoggedOut" name="test_page" time="0.044140" /><testcase classname="brownfield_django.main.tests.test_views.TestAnnonymousUserLogin" name="test_home" time="0.014662" /><testcase classname="brownfield_django.main.tests.test_teacher_views.TestInstructorLogin" name="test_get_course" time="0.287351" /><testcase classname="brownfield_django.main.tests.test_teacher_views.TestInstructorLogin" name="test_get_document" time="0.293789" /><testcase classname="brownfield_django.main.tests.test_teacher_views.TestInstructorLogin" name="test_get_student" time="0.285547" /><testcase classname="brownfield_django.main.tests.test_teacher_views.TestInstructorLogin" name="test_get_team" time="0.286032" /><testcase classname="brownfield_django.main.tests.test_teacher_views.TestInstructorLogin" name="test_home" time="0.309863" /><testcase classname="brownfield_django.main.tests.test_teacher_views.TestInstructorLogin" name="test_post_course" time="0.286163" /><testcase classname="brownfield_django.main.tests.test_teacher_views.TestInstructorLogin" name="test_post_document" time="0.287607" /><testcase classname="brownfield_django.main.tests.test_teacher_views.TestInstructorLogin" name="test_post_student" time="0.286598" /><testcase classname="brownfield_django.main.tests.test_teacher_views.TestInstructorLogin" name="test_post_team" time="0.293250" /><testcase classname="brownfield_django.main.tests.test_teacher_views.TestInstructorLogin" name="test_remove_course" time="0.283351" /><testcase classname="brownfield_django.main.tests.test_teacher_views.TestInstructorLogin" name="test_remove_student" time="0.288213" /><testcase classname="brownfield_django.main.tests.test_teacher_views.TestInstructorLogin" name="test_update_course" time="0.292790" /><testcase classname="brownfield_django.main.tests.test_teacher_views.TestInstructorLogin" name="test_update_student" time="0.285935" /><testcase classname="brownfield_django.main.tests.test_teacher_views.TestInstructorLogin" name="test_update_team" time="0.285270" /><testcase classname="brownfield_django.main.tests.test_admin_views.TestAdminLogin" name="test_add_course_by_name" time="0.175370" /><testcase classname="brownfield_django.main.tests.test_admin_views.TestAdminLogin" name="test_get_course_details" time="0.171555" /><testcase classname="brownfield_django.main.tests.test_admin_views.TestAdminLogin" name="test_get_courses" time="0.179068" /><testcase classname="brownfield_django.main.tests.test_admin_views.TestAdminLogin" name="test_get_document" time="0.172469" /><testcase classname="brownfield_django.main.tests.test_admin_views.TestAdminLogin" name="test_get_student" time="0.185753" /><testcase classname="brownfield_django.main.tests.test_admin_views.TestAdminLogin" name="test_get_team" time="0.171396" /><testcase classname="brownfield_django.main.tests.test_admin_views.TestAdminLogin" name="test_home" time="0.172179" /><testcase classname="brownfield_django.main.tests.test_admin_views.TestAdminLogin" name="test_home_redirect" time="0.180630" /><testcase classname="brownfield_django.main.tests.test_admin_views.TestAdminLogin" name="test_post_document" time="0.171833" /><testcase classname="brownfield_django.main.tests.test_admin_views.TestAdminLogin" name="test_post_student" time="0.171601" /><testcase classname="brownfield_django.main.tests.test_admin_views.TestAdminLogin" name="test_post_team" time="0.172966" /><testcase classname="brownfield_django.main.tests.test_admin_views.TestAdminLogin" name="test_remove_course" time="0.174768" /><testcase classname="brownfield_django.main.tests.test_admin_views.TestAdminLogin" name="test_remove_student" time="0.173857" /><testcase classname="brownfield_django.main.tests.test_admin_views.TestAdminLogin" name="test_update_course" time="0.179612" /><testcase classname="brownfield_django.main.tests.test_admin_views.TestAdminLogin" name="test_update_student" time="0.171617" /><testcase classname="brownfield_django.main.tests.test_admin_views.TestAdminLogin" name="test_update_team" time="0.170211" /></testsuite>