<testsuite errors="0" failures="0" name="Django Project Tests" skips="0" tests="37" time="7.305"><testcase classname="brownfield_django.main.tests.test_views.BasicTest" name="test_root" time="0.114915" /><testcase classname="brownfield_django.main.tests.test_views.BasicTest" name="test_smoketest" time="0.003816" /><testcase classname="brownfield_django.main.tests.test_views.PagetreeViewTestsLoggedIn" name="test_edit_page" time="0.536177" /><testcase classname="brownfield_django.main.tests.test_views.PagetreeViewTestsLoggedIn" name="test_instructor_page" time="0.272369" /><testcase classname="brownfield_django.main.tests.test_views.PagetreeViewTestsLoggedIn" name="test_page" time="0.280732" /><testcase classname="brownfield_django.main.tests.test_views.PagetreeViewTestsLoggedOut" name="test_edit_page" time="0.017144" /><testcase classname="brownfield_django.main.tests.test_views.PagetreeViewTestsLoggedOut" name="test_instructor_page" time="0.015811" /><testcase classname="brownfield_django.main.tests.test_views.PagetreeViewTestsLoggedOut" name="test_page" time="0.064161" /><testcase classname="brownfield_django.main.tests.test_views.TestAnnonymousUserLogin" name="test_home" time="0.019798" /><testcase classname="brownfield_django.main.tests.test_admin_views.TestAdminLogin" name="test_add_course_by_name" time="0.341214" /><testcase classname="brownfield_django.main.tests.test_admin_views.TestAdminLogin" name="test_create_student" time="0.286553" /><testcase classname="brownfield_django.main.tests.test_admin_views.TestAdminLogin" name="test_get_all_courses" time="0.414670" /><testcase classname="brownfield_django.main.tests.test_admin_views.TestAdminLogin" name="test_get_course_details" time="0.257802" /><testcase classname="brownfield_django.main.tests.test_admin_views.TestAdminLogin" name="test_get_students" time="0.255677" /><testcase classname="brownfield_django.main.tests.test_admin_views.TestAdminLogin" name="test_get_team" time="0.222188" /><testcase classname="brownfield_django.main.tests.test_admin_views.TestAdminLogin" name="test_get_user_courses" time="0.400417" /><testcase classname="brownfield_django.main.tests.test_admin_views.TestAdminLogin" name="test_home" time="0.200196" /><testcase classname="brownfield_django.main.tests.test_admin_views.TestAdminLogin" name="test_home_redirect" time="0.248293" /><testcase classname="brownfield_django.main.tests.test_admin_views.TestAdminLogin" name="test_post_team" time="0.223413" /><testcase classname="brownfield_django.main.tests.test_admin_views.TestAdminLogin" name="test_release_document" time="0.208417" /><testcase classname="brownfield_django.main.tests.test_admin_views.TestAdminLogin" name="test_remove_course" time="0.213399" /><testcase classname="brownfield_django.main.tests.test_admin_views.TestAdminLogin" name="test_remove_student" time="0.210249" /><testcase classname="brownfield_django.main.tests.test_admin_views.TestAdminLogin" name="test_revoke_document" time="0.259181" /><testcase classname="brownfield_django.main.tests.test_admin_views.TestAdminLogin" name="test_update_course" time="0.201510" /><testcase classname="brownfield_django.main.tests.test_admin_views.TestAdminLogin" name="test_update_student" time="0.202960" /><testcase classname="brownfield_django.main.tests.test_admin_views.TestAdminLogin" name="test_update_team" time="0.196292" /><testcase classname="brownfield_django.main.tests.test_models.TestAdminProfileFactory" name="test_unicode" time="0.141152" /><testcase classname="brownfield_django.main.tests.test_models.TestCourseFactory" name="test_unicode" time="0.071026" /><testcase classname="brownfield_django.main.tests.test_models.TestCourseMethods" name="test_course_get_documents" time="0.398200" /><testcase classname="brownfield_django.main.tests.test_models.TestCourseMethods" name="test_course_get_form" time="0.085644" /><testcase classname="brownfield_django.main.tests.test_models.TestCourseMethods" name="test_course_get_teams" time="0.208273" /><testcase classname="brownfield_django.main.tests.test_models.TestHistoryFactory" name="test_unicode" time="0.135998" /><testcase classname="brownfield_django.main.tests.test_models.TestPerformedTestFactory" name="test_unicode" time="0.001440" /><testcase classname="brownfield_django.main.tests.test_models.TestTeacherProfileFactory" name="test_unicode" time="0.157328" /><testcase classname="brownfield_django.main.tests.test_models.TestTeamProfileFactory" name="test_unicode" time="0.189848" /><testcase classname="brownfield_django.main.tests.test_models.TestUserFactory" name="test_unicode" time="0.076788" /><testcase classname="brownfield_django.main.tests.test_models.TestUserProfileFactory" name="test_unicode" time="0.155894" /></testsuite>