<testsuite errors="0" failures="0" name="Django Project Tests" skips="0" tests="38" time="5.796"><testcase classname="brownfield_django.main.tests.test_models.TestAdminProfileFactory" name="test_unicode" time="0.119208" /><testcase classname="brownfield_django.main.tests.test_models.TestCourseFactory" name="test_unicode" time="0.059307" /><testcase classname="brownfield_django.main.tests.test_models.TestCourseMethods" name="test_course_get_documents" time="0.247922" /><testcase classname="brownfield_django.main.tests.test_models.TestCourseMethods" name="test_course_get_form" time="0.060844" /><testcase classname="brownfield_django.main.tests.test_models.TestCourseMethods" name="test_course_get_students" time="0.187549" /><testcase classname="brownfield_django.main.tests.test_models.TestCourseMethods" name="test_course_get_teams" time="0.191341" /><testcase classname="brownfield_django.main.tests.test_models.TestHistoryFactory" name="test_unicode" time="0.128085" /><testcase classname="brownfield_django.main.tests.test_models.TestPerformedTestFactory" name="test_unicode" time="0.001468" /><testcase classname="brownfield_django.main.tests.test_models.TestTeacherProfileFactory" name="test_unicode" time="0.126263" /><testcase classname="brownfield_django.main.tests.test_models.TestTeamProfileFactory" name="test_unicode" time="0.126249" /><testcase classname="brownfield_django.main.tests.test_models.TestUserFactory" name="test_unicode" time="0.062090" /><testcase classname="brownfield_django.main.tests.test_models.TestUserProfileFactory" name="test_unicode" time="0.123962" /><testcase classname="brownfield_django.main.tests.test_views.BasicTest" name="test_root" time="0.075768" /><testcase classname="brownfield_django.main.tests.test_views.BasicTest" name="test_smoketest" time="0.003365" /><testcase classname="brownfield_django.main.tests.test_views.PagetreeViewTestsLoggedIn" name="test_edit_page" time="0.348946" /><testcase classname="brownfield_django.main.tests.test_views.PagetreeViewTestsLoggedIn" name="test_instructor_page" time="0.161947" /><testcase classname="brownfield_django.main.tests.test_views.PagetreeViewTestsLoggedIn" name="test_page" time="0.169224" /><testcase classname="brownfield_django.main.tests.test_views.PagetreeViewTestsLoggedOut" name="test_edit_page" time="0.012680" /><testcase classname="brownfield_django.main.tests.test_views.PagetreeViewTestsLoggedOut" name="test_instructor_page" time="0.010917" /><testcase classname="brownfield_django.main.tests.test_views.PagetreeViewTestsLoggedOut" name="test_page" time="0.045514" /><testcase classname="brownfield_django.main.tests.test_views.TestAnnonymousUserLogin" name="test_home" time="0.014987" /><testcase classname="brownfield_django.main.tests.test_admin_views.TestAdminLogin" name="test_add_course_by_name" time="0.202259" /><testcase classname="brownfield_django.main.tests.test_admin_views.TestAdminLogin" name="test_create_student" time="0.185003" /><testcase classname="brownfield_django.main.tests.test_admin_views.TestAdminLogin" name="test_get_all_courses" time="0.371333" /><testcase classname="brownfield_django.main.tests.test_admin_views.TestAdminLogin" name="test_get_course_details" time="0.182646" /><testcase classname="brownfield_django.main.tests.test_admin_views.TestAdminLogin" name="test_get_students" time="0.182275" /><testcase classname="brownfield_django.main.tests.test_admin_views.TestAdminLogin" name="test_get_team" time="0.183885" /><testcase classname="brownfield_django.main.tests.test_admin_views.TestAdminLogin" name="test_get_user_courses" time="0.372636" /><testcase classname="brownfield_django.main.tests.test_admin_views.TestAdminLogin" name="test_home" time="0.180659" /><testcase classname="brownfield_django.main.tests.test_admin_views.TestAdminLogin" name="test_home_redirect" time="0.183298" /><testcase classname="brownfield_django.main.tests.test_admin_views.TestAdminLogin" name="test_post_team" time="0.181810" /><testcase classname="brownfield_django.main.tests.test_admin_views.TestAdminLogin" name="test_release_document" time="0.181352" /><testcase classname="brownfield_django.main.tests.test_admin_views.TestAdminLogin" name="test_remove_course" time="0.182012" /><testcase classname="brownfield_django.main.tests.test_admin_views.TestAdminLogin" name="test_remove_student" time="0.184931" /><testcase classname="brownfield_django.main.tests.test_admin_views.TestAdminLogin" name="test_revoke_document" time="0.184279" /><testcase classname="brownfield_django.main.tests.test_admin_views.TestAdminLogin" name="test_update_course" time="0.181869" /><testcase classname="brownfield_django.main.tests.test_admin_views.TestAdminLogin" name="test_update_student" time="0.183437" /><testcase classname="brownfield_django.main.tests.test_admin_views.TestAdminLogin" name="test_update_team" time="0.181888" /></testsuite>