<testsuite errors="0" failures="0" name="Django Project Tests" skips="0" tests="39" time="5.435"><testcase classname="brownfield_django.main.tests.test_models.TestAdminProfileFactory" name="test_unicode" time="0.118586" /><testcase classname="brownfield_django.main.tests.test_models.TestCourseFactory" name="test_unicode" time="0.058011" /><testcase classname="brownfield_django.main.tests.test_models.TestCourseMethods" name="test_course_get_documents" time="0.233681" /><testcase classname="brownfield_django.main.tests.test_models.TestCourseMethods" name="test_course_get_form" time="0.060109" /><testcase classname="brownfield_django.main.tests.test_models.TestCourseMethods" name="test_course_get_students" time="0.067671" /><testcase classname="brownfield_django.main.tests.test_models.TestCourseMethods" name="test_course_get_teams" time="0.177371" /><testcase classname="brownfield_django.main.tests.test_models.TestHistoryFactory" name="test_unicode" time="0.118081" /><testcase classname="brownfield_django.main.tests.test_models.TestPerformedTestFactory" name="test_unicode" time="0.001473" /><testcase classname="brownfield_django.main.tests.test_models.TestStudentProfileFactory" name="test_unicode" time="0.114842" /><testcase classname="brownfield_django.main.tests.test_models.TestTeacherProfileFactory" name="test_unicode" time="0.114788" /><testcase classname="brownfield_django.main.tests.test_models.TestTeamProfileFactory" name="test_unicode" time="0.113199" /><testcase classname="brownfield_django.main.tests.test_models.TestUserFactory" name="test_unicode" time="0.057105" /><testcase classname="brownfield_django.main.tests.test_models.TestUserProfileFactory" name="test_unicode" time="0.113597" /><testcase classname="brownfield_django.main.tests.test_views.BasicTest" name="test_root" time="0.103816" /><testcase classname="brownfield_django.main.tests.test_views.BasicTest" name="test_smoketest" time="0.003337" /><testcase classname="brownfield_django.main.tests.test_views.PagetreeViewTestsLoggedIn" name="test_edit_page" time="0.326968" /><testcase classname="brownfield_django.main.tests.test_views.PagetreeViewTestsLoggedIn" name="test_instructor_page" time="0.151773" /><testcase classname="brownfield_django.main.tests.test_views.PagetreeViewTestsLoggedIn" name="test_page" time="0.162164" /><testcase classname="brownfield_django.main.tests.test_views.PagetreeViewTestsLoggedOut" name="test_edit_page" time="0.010767" /><testcase classname="brownfield_django.main.tests.test_views.PagetreeViewTestsLoggedOut" name="test_instructor_page" time="0.010723" /><testcase classname="brownfield_django.main.tests.test_views.PagetreeViewTestsLoggedOut" name="test_page" time="0.042664" /><testcase classname="brownfield_django.main.tests.test_views.TestAnnonymousUserLogin" name="test_home" time="0.012981" /><testcase classname="brownfield_django.main.tests.test_admin_views.TestAdminViews" name="test_add_course_by_name" time="0.186242" /><testcase classname="brownfield_django.main.tests.test_admin_views.TestAdminViews" name="test_create_student" time="0.174438" /><testcase classname="brownfield_django.main.tests.test_admin_views.TestAdminViews" name="test_get_all_courses" time="0.174775" /><testcase classname="brownfield_django.main.tests.test_admin_views.TestAdminViews" name="test_get_course_details" time="0.173249" /><testcase classname="brownfield_django.main.tests.test_admin_views.TestAdminViews" name="test_get_documents" time="0.297761" /><testcase classname="brownfield_django.main.tests.test_admin_views.TestAdminViews" name="test_get_students" time="0.175445" /><testcase classname="brownfield_django.main.tests.test_admin_views.TestAdminViews" name="test_get_team" time="0.174282" /><testcase classname="brownfield_django.main.tests.test_admin_views.TestAdminViews" name="test_get_user_courses" time="0.175991" /><testcase classname="brownfield_django.main.tests.test_admin_views.TestAdminViews" name="test_home" time="0.186296" /><testcase classname="brownfield_django.main.tests.test_admin_views.TestAdminViews" name="test_home_redirect" time="0.191800" /><testcase classname="brownfield_django.main.tests.test_admin_views.TestAdminViews" name="test_post_team" time="0.174568" /><testcase classname="brownfield_django.main.tests.test_admin_views.TestAdminViews" name="test_release_revoke_document" time="0.296426" /><testcase classname="brownfield_django.main.tests.test_admin_views.TestAdminViews" name="test_remove_course" time="0.175975" /><testcase classname="brownfield_django.main.tests.test_admin_views.TestAdminViews" name="test_remove_student" time="0.171550" /><testcase classname="brownfield_django.main.tests.test_admin_views.TestAdminViews" name="test_update_course" time="0.172035" /><testcase classname="brownfield_django.main.tests.test_admin_views.TestAdminViews" name="test_update_student" time="0.173966" /><testcase classname="brownfield_django.main.tests.test_admin_views.TestAdminViews" name="test_update_team" time="0.173439" /></testsuite>