<testsuite errors="0" failures="0" name="Django Project Tests" skips="0" tests="31" time="5.891"><testcase classname="brownfield_django.main.tests.test_models.TestCourseFactory" name="test_unicode" time="0.060705" /><testcase classname="brownfield_django.main.tests.test_models.TestHistoryFactory" name="test_unicode" time="0.124660" /><testcase classname="brownfield_django.main.tests.test_models.TestPerformedTestFactory" name="test_unicode" time="0.001458" /><testcase classname="brownfield_django.main.tests.test_models.TestStudentProfileFactory" name="test_unicode" time="0.122380" /><testcase classname="brownfield_django.main.tests.test_models.TestTeacherProfileFactory" name="test_unicode" time="0.121241" /><testcase classname="brownfield_django.main.tests.test_models.TestTeamFactory" name="test_unicode" time="0.119171" /><testcase classname="brownfield_django.main.tests.test_models.TestUserFactory" name="test_unicode" time="0.060564" /><testcase classname="brownfield_django.main.tests.test_models.TestUserProfileFactory" name="test_unicode" time="0.124382" /><testcase classname="brownfield_django.main.tests.test_views.BasicTest" name="test_root" time="0.107317" /><testcase classname="brownfield_django.main.tests.test_views.BasicTest" name="test_smoketest" time="0.003415" /><testcase classname="brownfield_django.main.tests.test_views.PagetreeViewTestsLoggedIn" name="test_edit_page" time="0.394845" /><testcase classname="brownfield_django.main.tests.test_views.PagetreeViewTestsLoggedIn" name="test_instructor_page" time="0.154471" /><testcase classname="brownfield_django.main.tests.test_views.PagetreeViewTestsLoggedIn" name="test_page" time="0.165020" /><testcase classname="brownfield_django.main.tests.test_views.PagetreeViewTestsLoggedOut" name="test_edit_page" time="0.011087" /><testcase classname="brownfield_django.main.tests.test_views.PagetreeViewTestsLoggedOut" name="test_instructor_page" time="0.010861" /><testcase classname="brownfield_django.main.tests.test_views.PagetreeViewTestsLoggedOut" name="test_page" time="0.045937" /><testcase classname="brownfield_django.main.tests.test_views.TestAnnonymousUserLogin" name="test_home" time="0.015859" /><testcase classname="brownfield_django.main.tests.test_views.TestInstructorLogin" name="test_get_course" time="0.306909" /><testcase classname="brownfield_django.main.tests.test_views.TestInstructorLogin" name="test_get_document" time="0.305550" /><testcase classname="brownfield_django.main.tests.test_views.TestInstructorLogin" name="test_get_student" time="0.305999" /><testcase classname="brownfield_django.main.tests.test_views.TestInstructorLogin" name="test_get_team" time="0.304094" /><testcase classname="brownfield_django.main.tests.test_views.TestInstructorLogin" name="test_home" time="0.325301"><system-out>GET home view
</system-out></testcase><testcase classname="brownfield_django.main.tests.test_views.TestInstructorLogin" name="test_post_course" time="0.299538" /><testcase classname="brownfield_django.main.tests.test_views.TestInstructorLogin" name="test_post_document" time="0.298784" /><testcase classname="brownfield_django.main.tests.test_views.TestInstructorLogin" name="test_post_student" time="0.300676" /><testcase classname="brownfield_django.main.tests.test_views.TestInstructorLogin" name="test_post_team" time="0.298818" /><testcase classname="brownfield_django.main.tests.test_views.TestInstructorLogin" name="test_remove_course" time="0.298059" /><testcase classname="brownfield_django.main.tests.test_views.TestInstructorLogin" name="test_remove_student" time="0.297461" /><testcase classname="brownfield_django.main.tests.test_views.TestInstructorLogin" name="test_update_course" time="0.300461" /><testcase classname="brownfield_django.main.tests.test_views.TestInstructorLogin" name="test_update_student" time="0.297291" /><testcase classname="brownfield_django.main.tests.test_views.TestInstructorLogin" name="test_update_team" time="0.298410" /></testsuite>