<testsuite errors="0" failures="0" name="Django Project Tests" skips="0" tests="39" time="9.762"><testcase classname="brownfield_django.main.tests.test_views.BasicTest" name="test_root" time="0.159314" /><testcase classname="brownfield_django.main.tests.test_views.BasicTest" name="test_smoketest" time="0.005563" /><testcase classname="brownfield_django.main.tests.test_views.PagetreeViewTestsLoggedIn" name="test_edit_page" time="0.537857" /><testcase classname="brownfield_django.main.tests.test_views.PagetreeViewTestsLoggedIn" name="test_instructor_page" time="0.263550" /><testcase classname="brownfield_django.main.tests.test_views.PagetreeViewTestsLoggedIn" name="test_page" time="0.231687" /><testcase classname="brownfield_django.main.tests.test_views.PagetreeViewTestsLoggedOut" name="test_edit_page" time="0.016508" /><testcase classname="brownfield_django.main.tests.test_views.PagetreeViewTestsLoggedOut" name="test_instructor_page" time="0.019319" /><testcase classname="brownfield_django.main.tests.test_views.PagetreeViewTestsLoggedOut" name="test_page" time="0.067357" /><testcase classname="brownfield_django.main.tests.test_views.TestAnnonymousUserLogin" name="test_home" time="0.022814" /><testcase classname="brownfield_django.main.tests.test_admin_views.TestAdminViews" name="test_add_course_by_name" time="0.361551" /><testcase classname="brownfield_django.main.tests.test_admin_views.TestAdminViews" name="test_create_student" time="0.310921" /><testcase classname="brownfield_django.main.tests.test_admin_views.TestAdminViews" name="test_get_all_courses" time="0.310366" /><testcase classname="brownfield_django.main.tests.test_admin_views.TestAdminViews" name="test_get_course_details" time="0.455713" /><testcase classname="brownfield_django.main.tests.test_admin_views.TestAdminViews" name="test_get_documents" time="0.489203" /><testcase classname="brownfield_django.main.tests.test_admin_views.TestAdminViews" name="test_get_students" time="0.306368" /><testcase classname="brownfield_django.main.tests.test_admin_views.TestAdminViews" name="test_get_team" time="0.314123" /><testcase classname="brownfield_django.main.tests.test_admin_views.TestAdminViews" name="test_get_user_courses" time="0.318694" /><testcase classname="brownfield_django.main.tests.test_admin_views.TestAdminViews" name="test_home" time="0.335682" /><testcase classname="brownfield_django.main.tests.test_admin_views.TestAdminViews" name="test_home_redirect" time="0.344944" /><testcase classname="brownfield_django.main.tests.test_admin_views.TestAdminViews" name="test_post_team" time="0.309488" /><testcase classname="brownfield_django.main.tests.test_admin_views.TestAdminViews" name="test_release_revoke_document" time="0.538033" /><testcase classname="brownfield_django.main.tests.test_admin_views.TestAdminViews" name="test_remove_course" time="0.312683" /><testcase classname="brownfield_django.main.tests.test_admin_views.TestAdminViews" name="test_remove_student" time="0.321691" /><testcase classname="brownfield_django.main.tests.test_admin_views.TestAdminViews" name="test_update_course" time="0.320986" /><testcase classname="brownfield_django.main.tests.test_admin_views.TestAdminViews" name="test_update_student" time="0.312690" /><testcase classname="brownfield_django.main.tests.test_admin_views.TestAdminViews" name="test_update_team" time="0.311745" /><testcase classname="brownfield_django.main.tests.test_models.TestAdminProfileFactory" name="test_unicode" time="0.207386" /><testcase classname="brownfield_django.main.tests.test_models.TestCourseFactory" name="test_unicode" time="0.106971" /><testcase classname="brownfield_django.main.tests.test_models.TestCourseMethods" name="test_course_get_documents" time="0.421804" /><testcase classname="brownfield_django.main.tests.test_models.TestCourseMethods" name="test_course_get_form" time="0.104057" /><testcase classname="brownfield_django.main.tests.test_models.TestCourseMethods" name="test_course_get_students" time="0.119627" /><testcase classname="brownfield_django.main.tests.test_models.TestCourseMethods" name="test_course_get_teams" time="0.326117" /><testcase classname="brownfield_django.main.tests.test_models.TestHistoryFactory" name="test_unicode" time="0.214207" /><testcase classname="brownfield_django.main.tests.test_models.TestPerformedTestFactory" name="test_unicode" time="0.001952" /><testcase classname="brownfield_django.main.tests.test_models.TestStudentProfileFactory" name="test_unicode" time="0.208348" /><testcase classname="brownfield_django.main.tests.test_models.TestTeacherProfileFactory" name="test_unicode" time="0.211088" /><testcase classname="brownfield_django.main.tests.test_models.TestTeamProfileFactory" name="test_unicode" time="0.209469" /><testcase classname="brownfield_django.main.tests.test_models.TestUserFactory" name="test_unicode" time="0.106038" /><testcase classname="brownfield_django.main.tests.test_models.TestUserProfileFactory" name="test_unicode" time="0.207240" /></testsuite>