<?xml version="1.0" encoding="utf-8"?>
<testsuites><testsuite name="brownfield_django.main.tests.test_models.BasicModelTest"><testcase classname="brownfield_django.main.tests.test_models.BasicModelTest" name="test_dummy" time="0.000072"></testcase></testsuite><testsuite name="brownfield_django.main.tests.test_views.BasicTest"><testcase classname="brownfield_django.main.tests.test_views.BasicTest" name="test_root" time="0.156324"></testcase><testcase classname="brownfield_django.main.tests.test_views.BasicTest" name="test_smoketest" time="0.005015"></testcase></testsuite><testsuite name="brownfield_django.main.tests.test_views.PagetreeViewTestsLoggedIn"><testcase classname="brownfield_django.main.tests.test_views.PagetreeViewTestsLoggedIn" name="test_edit_page" time="0.206494"></testcase><testcase classname="brownfield_django.main.tests.test_views.PagetreeViewTestsLoggedIn" name="test_instructor_page" time="0.121106"></testcase><testcase classname="brownfield_django.main.tests.test_views.PagetreeViewTestsLoggedIn" name="test_page" time="0.123727"></testcase></testsuite><testsuite name="brownfield_django.main.tests.test_views.PagetreeViewTestsLoggedOut"><testcase classname="brownfield_django.main.tests.test_views.PagetreeViewTestsLoggedOut" name="test_edit_page" time="0.013001"></testcase><testcase classname="brownfield_django.main.tests.test_views.PagetreeViewTestsLoggedOut" name="test_instructor_page" time="0.012993"></testcase><testcase classname="brownfield_django.main.tests.test_views.PagetreeViewTestsLoggedOut" name="test_page" time="0.041932"></testcase></testsuite></testsuites>