<testsuite errors="10" failures="0" name="Django Project Tests" skips="0" tests="31" time="7.738"><testcase classname="brownfield_django.main.tests.test_models.TestCourseFactory" name="test_unicode" time="0.108699" /><testcase classname="brownfield_django.main.tests.test_models.TestHistoryFactory" name="test_unicode" time="0.155131" /><testcase classname="brownfield_django.main.tests.test_models.TestPerformedTestFactory" name="test_unicode" time="0.001812" /><testcase classname="brownfield_django.main.tests.test_models.TestStudentProfileFactory" name="test_unicode" time="0.127379" /><testcase classname="brownfield_django.main.tests.test_models.TestTeacherProfileFactory" name="test_unicode" time="0.132945" /><testcase classname="brownfield_django.main.tests.test_models.TestTeamFactory" name="test_unicode" time="0.129463" /><testcase classname="brownfield_django.main.tests.test_models.TestUserFactory" name="test_unicode" time="0.063237" /><testcase classname="brownfield_django.main.tests.test_models.TestUserProfileFactory" name="test_unicode" time="0.129219" /><testcase classname="brownfield_django.main.tests.test_views.BasicTest" name="test_root" time="1.500865"><error message="cannot import name TeacherHomeView" type="exceptions.ImportError">Traceback (most recent call last):
  File "/home/cdunlop/brownfield_django/brownfield_django/main/tests/test_views.py", line 39, in test_root
    response = self.c.get("/")
  File "/home/cdunlop/brownfield_django/ve/local/lib/python2.7/site-packages/django/test/client.py", line 473, in get
    response = super(Client, self).get(path, data=data, **extra)
  File "/home/cdunlop/brownfield_django/ve/local/lib/python2.7/site-packages/django/test/client.py", line 280, in get
    return self.request(**r)
  File "/home/cdunlop/brownfield_django/ve/local/lib/python2.7/site-packages/django/test/client.py", line 426, in request
    response = self.handler(environ)
  File "/home/cdunlop/brownfield_django/ve/local/lib/python2.7/site-packages/django/test/client.py", line 109, in __call__
    response = self.get_response(request)
  File "/home/cdunlop/brownfield_django/ve/local/lib/python2.7/site-packages/django/core/handlers/base.py", line 194, in get_response
    response = self.handle_uncaught_exception(request, resolver, sys.exc_info())
  File "/home/cdunlop/brownfield_django/ve/local/lib/python2.7/site-packages/django/core/handlers/base.py", line 232, in handle_uncaught_exception
    if resolver.urlconf_module is None:
  File "/home/cdunlop/brownfield_django/ve/local/lib/python2.7/site-packages/django/core/urlresolvers.py", line 360, in urlconf_module
    self._urlconf_module = import_module(self.urlconf_name)
  File "/home/cdunlop/brownfield_django/ve/local/lib/python2.7/site-packages/django/utils/importlib.py", line 40, in import_module
    __import__(name)
  File "/home/cdunlop/brownfield_django/brownfield_django/urls.py", line 9, in &lt;module&gt;
    from brownfield_django.main.views import StudentHomeView, \
ImportError: cannot import name TeacherHomeView
</error></testcase><testcase classname="brownfield_django.main.tests.test_views.BasicTest" name="test_smoketest" time="0.001523"><error message="cannot import name TeacherHomeView" type="exceptions.ImportError">Traceback (most recent call last):
  File "/home/cdunlop/brownfield_django/brownfield_django/main/tests/test_views.py", line 45, in test_smoketest
    response = self.c.get("/smoketest/")
  File "/home/cdunlop/brownfield_django/ve/local/lib/python2.7/site-packages/django/test/client.py", line 473, in get
    response = super(Client, self).get(path, data=data, **extra)
  File "/home/cdunlop/brownfield_django/ve/local/lib/python2.7/site-packages/django/test/client.py", line 280, in get
    return self.request(**r)
  File "/home/cdunlop/brownfield_django/ve/local/lib/python2.7/site-packages/django/test/client.py", line 426, in request
    response = self.handler(environ)
  File "/home/cdunlop/brownfield_django/ve/local/lib/python2.7/site-packages/django/test/client.py", line 109, in __call__
    response = self.get_response(request)
  File "/home/cdunlop/brownfield_django/ve/local/lib/python2.7/site-packages/django/core/handlers/base.py", line 194, in get_response
    response = self.handle_uncaught_exception(request, resolver, sys.exc_info())
  File "/home/cdunlop/brownfield_django/ve/local/lib/python2.7/site-packages/django/core/handlers/base.py", line 232, in handle_uncaught_exception
    if resolver.urlconf_module is None:
  File "/home/cdunlop/brownfield_django/ve/local/lib/python2.7/site-packages/django/core/urlresolvers.py", line 360, in urlconf_module
    self._urlconf_module = import_module(self.urlconf_name)
  File "/home/cdunlop/brownfield_django/ve/local/lib/python2.7/site-packages/django/utils/importlib.py", line 40, in import_module
    __import__(name)
  File "/home/cdunlop/brownfield_django/brownfield_django/urls.py", line 9, in &lt;module&gt;
    from brownfield_django.main.views import StudentHomeView, \
ImportError: cannot import name TeacherHomeView
</error></testcase><testcase classname="brownfield_django.main.tests.test_views.PagetreeViewTestsLoggedIn" name="test_edit_page" time="0.322200"><error message="cannot import name TeacherHomeView" type="exceptions.ImportError">Traceback (most recent call last):
  File "/home/cdunlop/brownfield_django/brownfield_django/main/tests/test_views.py", line 98, in test_edit_page
    r = self.c.get("/pages/edit/section-1/")
  File "/home/cdunlop/brownfield_django/ve/local/lib/python2.7/site-packages/django/test/client.py", line 473, in get
    response = super(Client, self).get(path, data=data, **extra)
  File "/home/cdunlop/brownfield_django/ve/local/lib/python2.7/site-packages/django/test/client.py", line 280, in get
    return self.request(**r)
  File "/home/cdunlop/brownfield_django/ve/local/lib/python2.7/site-packages/django/test/client.py", line 426, in request
    response = self.handler(environ)
  File "/home/cdunlop/brownfield_django/ve/local/lib/python2.7/site-packages/django/test/client.py", line 109, in __call__
    response = self.get_response(request)
  File "/home/cdunlop/brownfield_django/ve/local/lib/python2.7/site-packages/django/core/handlers/base.py", line 194, in get_response
    response = self.handle_uncaught_exception(request, resolver, sys.exc_info())
  File "/home/cdunlop/brownfield_django/ve/local/lib/python2.7/site-packages/django/core/handlers/base.py", line 232, in handle_uncaught_exception
    if resolver.urlconf_module is None:
  File "/home/cdunlop/brownfield_django/ve/local/lib/python2.7/site-packages/django/core/urlresolvers.py", line 360, in urlconf_module
    self._urlconf_module = import_module(self.urlconf_name)
  File "/home/cdunlop/brownfield_django/ve/local/lib/python2.7/site-packages/django/utils/importlib.py", line 40, in import_module
    __import__(name)
  File "/home/cdunlop/brownfield_django/brownfield_django/urls.py", line 9, in &lt;module&gt;
    from brownfield_django.main.views import StudentHomeView, \
ImportError: cannot import name TeacherHomeView
</error></testcase><testcase classname="brownfield_django.main.tests.test_views.PagetreeViewTestsLoggedIn" name="test_instructor_page" time="0.135006"><error message="cannot import name TeacherHomeView" type="exceptions.ImportError">Traceback (most recent call last):
  File "/home/cdunlop/brownfield_django/brownfield_django/main/tests/test_views.py", line 102, in test_instructor_page
    r = self.c.get("/pages/instructor/section-1/")
  File "/home/cdunlop/brownfield_django/ve/local/lib/python2.7/site-packages/django/test/client.py", line 473, in get
    response = super(Client, self).get(path, data=data, **extra)
  File "/home/cdunlop/brownfield_django/ve/local/lib/python2.7/site-packages/django/test/client.py", line 280, in get
    return self.request(**r)
  File "/home/cdunlop/brownfield_django/ve/local/lib/python2.7/site-packages/django/test/client.py", line 426, in request
    response = self.handler(environ)
  File "/home/cdunlop/brownfield_django/ve/local/lib/python2.7/site-packages/django/test/client.py", line 109, in __call__
    response = self.get_response(request)
  File "/home/cdunlop/brownfield_django/ve/local/lib/python2.7/site-packages/django/core/handlers/base.py", line 194, in get_response
    response = self.handle_uncaught_exception(request, resolver, sys.exc_info())
  File "/home/cdunlop/brownfield_django/ve/local/lib/python2.7/site-packages/django/core/handlers/base.py", line 232, in handle_uncaught_exception
    if resolver.urlconf_module is None:
  File "/home/cdunlop/brownfield_django/ve/local/lib/python2.7/site-packages/django/core/urlresolvers.py", line 360, in urlconf_module
    self._urlconf_module = import_module(self.urlconf_name)
  File "/home/cdunlop/brownfield_django/ve/local/lib/python2.7/site-packages/django/utils/importlib.py", line 40, in import_module
    __import__(name)
  File "/home/cdunlop/brownfield_django/brownfield_django/urls.py", line 9, in &lt;module&gt;
    from brownfield_django.main.views import StudentHomeView, \
ImportError: cannot import name TeacherHomeView
</error></testcase><testcase classname="brownfield_django.main.tests.test_views.PagetreeViewTestsLoggedIn" name="test_page" time="0.133599"><error message="cannot import name TeacherHomeView" type="exceptions.ImportError">Traceback (most recent call last):
  File "/home/cdunlop/brownfield_django/brownfield_django/main/tests/test_views.py", line 94, in test_page
    r = self.c.get("/pages/section-1/")
  File "/home/cdunlop/brownfield_django/ve/local/lib/python2.7/site-packages/django/test/client.py", line 473, in get
    response = super(Client, self).get(path, data=data, **extra)
  File "/home/cdunlop/brownfield_django/ve/local/lib/python2.7/site-packages/django/test/client.py", line 280, in get
    return self.request(**r)
  File "/home/cdunlop/brownfield_django/ve/local/lib/python2.7/site-packages/django/test/client.py", line 426, in request
    response = self.handler(environ)
  File "/home/cdunlop/brownfield_django/ve/local/lib/python2.7/site-packages/django/test/client.py", line 109, in __call__
    response = self.get_response(request)
  File "/home/cdunlop/brownfield_django/ve/local/lib/python2.7/site-packages/django/core/handlers/base.py", line 194, in get_response
    response = self.handle_uncaught_exception(request, resolver, sys.exc_info())
  File "/home/cdunlop/brownfield_django/ve/local/lib/python2.7/site-packages/django/core/handlers/base.py", line 232, in handle_uncaught_exception
    if resolver.urlconf_module is None:
  File "/home/cdunlop/brownfield_django/ve/local/lib/python2.7/site-packages/django/core/urlresolvers.py", line 360, in urlconf_module
    self._urlconf_module = import_module(self.urlconf_name)
  File "/home/cdunlop/brownfield_django/ve/local/lib/python2.7/site-packages/django/utils/importlib.py", line 40, in import_module
    __import__(name)
  File "/home/cdunlop/brownfield_django/brownfield_django/urls.py", line 9, in &lt;module&gt;
    from brownfield_django.main.views import StudentHomeView, \
ImportError: cannot import name TeacherHomeView
</error></testcase><testcase classname="brownfield_django.main.tests.test_views.PagetreeViewTestsLoggedOut" name="test_edit_page" time="0.010366"><error message="cannot import name TeacherHomeView" type="exceptions.ImportError">Traceback (most recent call last):
  File "/home/cdunlop/brownfield_django/brownfield_django/main/tests/test_views.py", line 68, in test_edit_page
    r = self.c.get("/pages/edit/section-1/")
  File "/home/cdunlop/brownfield_django/ve/local/lib/python2.7/site-packages/django/test/client.py", line 473, in get
    response = super(Client, self).get(path, data=data, **extra)
  File "/home/cdunlop/brownfield_django/ve/local/lib/python2.7/site-packages/django/test/client.py", line 280, in get
    return self.request(**r)
  File "/home/cdunlop/brownfield_django/ve/local/lib/python2.7/site-packages/django/test/client.py", line 426, in request
    response = self.handler(environ)
  File "/home/cdunlop/brownfield_django/ve/local/lib/python2.7/site-packages/django/test/client.py", line 109, in __call__
    response = self.get_response(request)
  File "/home/cdunlop/brownfield_django/ve/local/lib/python2.7/site-packages/django/core/handlers/base.py", line 194, in get_response
    response = self.handle_uncaught_exception(request, resolver, sys.exc_info())
  File "/home/cdunlop/brownfield_django/ve/local/lib/python2.7/site-packages/django/core/handlers/base.py", line 232, in handle_uncaught_exception
    if resolver.urlconf_module is None:
  File "/home/cdunlop/brownfield_django/ve/local/lib/python2.7/site-packages/django/core/urlresolvers.py", line 360, in urlconf_module
    self._urlconf_module = import_module(self.urlconf_name)
  File "/home/cdunlop/brownfield_django/ve/local/lib/python2.7/site-packages/django/utils/importlib.py", line 40, in import_module
    __import__(name)
  File "/home/cdunlop/brownfield_django/brownfield_django/urls.py", line 9, in &lt;module&gt;
    from brownfield_django.main.views import StudentHomeView, \
ImportError: cannot import name TeacherHomeView
</error></testcase><testcase classname="brownfield_django.main.tests.test_views.PagetreeViewTestsLoggedOut" name="test_instructor_page" time="0.013050"><error message="cannot import name TeacherHomeView" type="exceptions.ImportError">Traceback (most recent call last):
  File "/home/cdunlop/brownfield_django/brownfield_django/main/tests/test_views.py", line 72, in test_instructor_page
    r = self.c.get("/pages/instructor/section-1/")
  File "/home/cdunlop/brownfield_django/ve/local/lib/python2.7/site-packages/django/test/client.py", line 473, in get
    response = super(Client, self).get(path, data=data, **extra)
  File "/home/cdunlop/brownfield_django/ve/local/lib/python2.7/site-packages/django/test/client.py", line 280, in get
    return self.request(**r)
  File "/home/cdunlop/brownfield_django/ve/local/lib/python2.7/site-packages/django/test/client.py", line 426, in request
    response = self.handler(environ)
  File "/home/cdunlop/brownfield_django/ve/local/lib/python2.7/site-packages/django/test/client.py", line 109, in __call__
    response = self.get_response(request)
  File "/home/cdunlop/brownfield_django/ve/local/lib/python2.7/site-packages/django/core/handlers/base.py", line 194, in get_response
    response = self.handle_uncaught_exception(request, resolver, sys.exc_info())
  File "/home/cdunlop/brownfield_django/ve/local/lib/python2.7/site-packages/django/core/handlers/base.py", line 232, in handle_uncaught_exception
    if resolver.urlconf_module is None:
  File "/home/cdunlop/brownfield_django/ve/local/lib/python2.7/site-packages/django/core/urlresolvers.py", line 360, in urlconf_module
    self._urlconf_module = import_module(self.urlconf_name)
  File "/home/cdunlop/brownfield_django/ve/local/lib/python2.7/site-packages/django/utils/importlib.py", line 40, in import_module
    __import__(name)
  File "/home/cdunlop/brownfield_django/brownfield_django/urls.py", line 9, in &lt;module&gt;
    from brownfield_django.main.views import StudentHomeView, \
ImportError: cannot import name TeacherHomeView
</error></testcase><testcase classname="brownfield_django.main.tests.test_views.PagetreeViewTestsLoggedOut" name="test_page" time="0.011624"><error message="cannot import name TeacherHomeView" type="exceptions.ImportError">Traceback (most recent call last):
  File "/home/cdunlop/brownfield_django/brownfield_django/main/tests/test_views.py", line 64, in test_page
    r = self.c.get("/pages/section-1/")
  File "/home/cdunlop/brownfield_django/ve/local/lib/python2.7/site-packages/django/test/client.py", line 473, in get
    response = super(Client, self).get(path, data=data, **extra)
  File "/home/cdunlop/brownfield_django/ve/local/lib/python2.7/site-packages/django/test/client.py", line 280, in get
    return self.request(**r)
  File "/home/cdunlop/brownfield_django/ve/local/lib/python2.7/site-packages/django/test/client.py", line 426, in request
    response = self.handler(environ)
  File "/home/cdunlop/brownfield_django/ve/local/lib/python2.7/site-packages/django/test/client.py", line 109, in __call__
    response = self.get_response(request)
  File "/home/cdunlop/brownfield_django/ve/local/lib/python2.7/site-packages/django/core/handlers/base.py", line 194, in get_response
    response = self.handle_uncaught_exception(request, resolver, sys.exc_info())
  File "/home/cdunlop/brownfield_django/ve/local/lib/python2.7/site-packages/django/core/handlers/base.py", line 232, in handle_uncaught_exception
    if resolver.urlconf_module is None:
  File "/home/cdunlop/brownfield_django/ve/local/lib/python2.7/site-packages/django/core/urlresolvers.py", line 360, in urlconf_module
    self._urlconf_module = import_module(self.urlconf_name)
  File "/home/cdunlop/brownfield_django/ve/local/lib/python2.7/site-packages/django/utils/importlib.py", line 40, in import_module
    __import__(name)
  File "/home/cdunlop/brownfield_django/brownfield_django/urls.py", line 9, in &lt;module&gt;
    from brownfield_django.main.views import StudentHomeView, \
ImportError: cannot import name TeacherHomeView
</error></testcase><testcase classname="brownfield_django.main.tests.test_views.TestAnnonymousUserLogin" name="test_home" time="0.000838"><error message="cannot import name TeacherHomeView" type="exceptions.ImportError">Traceback (most recent call last):
  File "/home/cdunlop/brownfield_django/brownfield_django/main/tests/test_views.py", line 113, in test_home
    response = self.client.get("/", follow=True)
  File "/home/cdunlop/brownfield_django/ve/local/lib/python2.7/site-packages/django/test/client.py", line 473, in get
    response = super(Client, self).get(path, data=data, **extra)
  File "/home/cdunlop/brownfield_django/ve/local/lib/python2.7/site-packages/django/test/client.py", line 280, in get
    return self.request(**r)
  File "/home/cdunlop/brownfield_django/ve/local/lib/python2.7/site-packages/django/test/client.py", line 426, in request
    response = self.handler(environ)
  File "/home/cdunlop/brownfield_django/ve/local/lib/python2.7/site-packages/django/test/client.py", line 109, in __call__
    response = self.get_response(request)
  File "/home/cdunlop/brownfield_django/ve/local/lib/python2.7/site-packages/django/core/handlers/base.py", line 194, in get_response
    response = self.handle_uncaught_exception(request, resolver, sys.exc_info())
  File "/home/cdunlop/brownfield_django/ve/local/lib/python2.7/site-packages/django/core/handlers/base.py", line 232, in handle_uncaught_exception
    if resolver.urlconf_module is None:
  File "/home/cdunlop/brownfield_django/ve/local/lib/python2.7/site-packages/django/core/urlresolvers.py", line 360, in urlconf_module
    self._urlconf_module = import_module(self.urlconf_name)
  File "/home/cdunlop/brownfield_django/ve/local/lib/python2.7/site-packages/django/utils/importlib.py", line 40, in import_module
    __import__(name)
  File "/home/cdunlop/brownfield_django/brownfield_django/urls.py", line 9, in &lt;module&gt;
    from brownfield_django.main.views import StudentHomeView, \
ImportError: cannot import name TeacherHomeView
</error></testcase><testcase classname="brownfield_django.main.tests.test_views.TestInstructorLogin" name="test_get_course" time="0.315588" /><testcase classname="brownfield_django.main.tests.test_views.TestInstructorLogin" name="test_get_document" time="0.366219" /><testcase classname="brownfield_django.main.tests.test_views.TestInstructorLogin" name="test_get_student" time="0.315746" /><testcase classname="brownfield_django.main.tests.test_views.TestInstructorLogin" name="test_get_team" time="0.312802" /><testcase classname="brownfield_django.main.tests.test_views.TestInstructorLogin" name="test_home" time="0.321155"><error message="cannot import name TeacherHomeView" type="exceptions.ImportError">Traceback (most recent call last):
  File "/home/cdunlop/brownfield_django/brownfield_django/main/tests/test_views.py", line 204, in test_home
    response = self.client.get("/", follow=True)
  File "/home/cdunlop/brownfield_django/ve/local/lib/python2.7/site-packages/django/test/client.py", line 473, in get
    response = super(Client, self).get(path, data=data, **extra)
  File "/home/cdunlop/brownfield_django/ve/local/lib/python2.7/site-packages/django/test/client.py", line 280, in get
    return self.request(**r)
  File "/home/cdunlop/brownfield_django/ve/local/lib/python2.7/site-packages/django/test/client.py", line 426, in request
    response = self.handler(environ)
  File "/home/cdunlop/brownfield_django/ve/local/lib/python2.7/site-packages/django/test/client.py", line 109, in __call__
    response = self.get_response(request)
  File "/home/cdunlop/brownfield_django/ve/local/lib/python2.7/site-packages/django/core/handlers/base.py", line 194, in get_response
    response = self.handle_uncaught_exception(request, resolver, sys.exc_info())
  File "/home/cdunlop/brownfield_django/ve/local/lib/python2.7/site-packages/django/core/handlers/base.py", line 232, in handle_uncaught_exception
    if resolver.urlconf_module is None:
  File "/home/cdunlop/brownfield_django/ve/local/lib/python2.7/site-packages/django/core/urlresolvers.py", line 360, in urlconf_module
    self._urlconf_module = import_module(self.urlconf_name)
  File "/home/cdunlop/brownfield_django/ve/local/lib/python2.7/site-packages/django/utils/importlib.py", line 40, in import_module
    __import__(name)
  File "/home/cdunlop/brownfield_django/brownfield_django/urls.py", line 9, in &lt;module&gt;
    from brownfield_django.main.views import StudentHomeView, \
ImportError: cannot import name TeacherHomeView
</error></testcase><testcase classname="brownfield_django.main.tests.test_views.TestInstructorLogin" name="test_post_course" time="0.314468" /><testcase classname="brownfield_django.main.tests.test_views.TestInstructorLogin" name="test_post_document" time="0.322598" /><testcase classname="brownfield_django.main.tests.test_views.TestInstructorLogin" name="test_post_student" time="0.320939" /><testcase classname="brownfield_django.main.tests.test_views.TestInstructorLogin" name="test_post_team" time="0.323421" /><testcase classname="brownfield_django.main.tests.test_views.TestInstructorLogin" name="test_remove_course" time="0.392926" /><testcase classname="brownfield_django.main.tests.test_views.TestInstructorLogin" name="test_remove_student" time="0.322400" /><testcase classname="brownfield_django.main.tests.test_views.TestInstructorLogin" name="test_update_course" time="0.312544" /><testcase classname="brownfield_django.main.tests.test_views.TestInstructorLogin" name="test_update_student" time="0.334697" /><testcase classname="brownfield_django.main.tests.test_views.TestInstructorLogin" name="test_update_team" time="0.421747" /></testsuite>