<testsuite errors="0" failures="0" name="Django Project Tests" skips="0" tests="17" time="1.754"><testcase classname="brownfield_django.main.tests.test_models.TestCourseFactory" name="test_unicode" time="0.060981" /><testcase classname="brownfield_django.main.tests.test_models.TestHistoryFactory" name="test_unicode" time="0.124806" /><testcase classname="brownfield_django.main.tests.test_models.TestPerformedTestFactory" name="test_unicode" time="0.002804" /><testcase classname="brownfield_django.main.tests.test_models.TestStudentProfileFactory" name="test_unicode" time="0.123554" /><testcase classname="brownfield_django.main.tests.test_models.TestTeacherProfileFactory" name="test_unicode" time="0.123014" /><testcase classname="brownfield_django.main.tests.test_models.TestTeamFactory" name="test_unicode" time="0.127899" /><testcase classname="brownfield_django.main.tests.test_models.TestUserFactory" name="test_unicode" time="0.065541" /><testcase classname="brownfield_django.main.tests.test_models.TestUserProfileFactory" name="test_unicode" time="0.130278" /><testcase classname="brownfield_django.main.tests.test_views.BasicTest" name="test_root" time="0.132679" /><testcase classname="brownfield_django.main.tests.test_views.BasicTest" name="test_smoketest" time="0.003981" /><testcase classname="brownfield_django.main.tests.test_views.PagetreeViewTestsLoggedIn" name="test_edit_page" time="0.412951" /><testcase classname="brownfield_django.main.tests.test_views.PagetreeViewTestsLoggedIn" name="test_instructor_page" time="0.162192" /><testcase classname="brownfield_django.main.tests.test_views.PagetreeViewTestsLoggedIn" name="test_page" time="0.178568" /><testcase classname="brownfield_django.main.tests.test_views.PagetreeViewTestsLoggedOut" name="test_edit_page" time="0.012819" /><testcase classname="brownfield_django.main.tests.test_views.PagetreeViewTestsLoggedOut" name="test_instructor_page" time="0.011498" /><testcase classname="brownfield_django.main.tests.test_views.PagetreeViewTestsLoggedOut" name="test_page" time="0.053599" /><testcase classname="brownfield_django.main.tests.test_views.TestAnnonymousUserLogin" name="test_home" time="0.018336" /></testsuite>