<testsuite errors="0" failures="0" name="Django Project Tests" skips="0" tests="39" time="19.030"><testcase classname="brownfield_django.main.tests.test_views.BasicTest" name="test_root" time="1.153324" /><testcase classname="brownfield_django.main.tests.test_views.BasicTest" name="test_smoketest" time="0.032161" /><testcase classname="brownfield_django.main.tests.test_views.PagetreeViewTestsLoggedIn" name="test_edit_page" time="2.372820" /><testcase classname="brownfield_django.main.tests.test_views.PagetreeViewTestsLoggedIn" name="test_instructor_page" time="0.514197" /><testcase classname="brownfield_django.main.tests.test_views.PagetreeViewTestsLoggedIn" name="test_page" time="0.516123" /><testcase classname="brownfield_django.main.tests.test_views.PagetreeViewTestsLoggedOut" name="test_edit_page" time="0.024259" /><testcase classname="brownfield_django.main.tests.test_views.PagetreeViewTestsLoggedOut" name="test_instructor_page" time="0.026937" /><testcase classname="brownfield_django.main.tests.test_views.PagetreeViewTestsLoggedOut" name="test_page" time="0.099323" /><testcase classname="brownfield_django.main.tests.test_views.TestAnnonymousUserLogin" name="test_home" time="0.050119" /><testcase classname="brownfield_django.main.tests.test_admin_views.TestAdminViews" name="test_add_course_by_name" time="0.570815" /><testcase classname="brownfield_django.main.tests.test_admin_views.TestAdminViews" name="test_create_student" time="0.525671" /><testcase classname="brownfield_django.main.tests.test_admin_views.TestAdminViews" name="test_get_all_courses" time="0.529968" /><testcase classname="brownfield_django.main.tests.test_admin_views.TestAdminViews" name="test_get_course_details" time="0.775378" /><testcase classname="brownfield_django.main.tests.test_admin_views.TestAdminViews" name="test_get_documents" time="0.890591" /><testcase classname="brownfield_django.main.tests.test_admin_views.TestAdminViews" name="test_get_students" time="0.528418" /><testcase classname="brownfield_django.main.tests.test_admin_views.TestAdminViews" name="test_get_team" time="0.531961" /><testcase classname="brownfield_django.main.tests.test_admin_views.TestAdminViews" name="test_get_user_courses" time="0.527898" /><testcase classname="brownfield_django.main.tests.test_admin_views.TestAdminViews" name="test_home" time="0.623901" /><testcase classname="brownfield_django.main.tests.test_admin_views.TestAdminViews" name="test_home_redirect" time="0.566592" /><testcase classname="brownfield_django.main.tests.test_admin_views.TestAdminViews" name="test_post_team" time="0.526384" /><testcase classname="brownfield_django.main.tests.test_admin_views.TestAdminViews" name="test_release_revoke_document" time="0.900996" /><testcase classname="brownfield_django.main.tests.test_admin_views.TestAdminViews" name="test_remove_course" time="0.525554" /><testcase classname="brownfield_django.main.tests.test_admin_views.TestAdminViews" name="test_remove_student" time="0.524147" /><testcase classname="brownfield_django.main.tests.test_admin_views.TestAdminViews" name="test_update_course" time="0.519956" /><testcase classname="brownfield_django.main.tests.test_admin_views.TestAdminViews" name="test_update_student" time="0.496186" /><testcase classname="brownfield_django.main.tests.test_admin_views.TestAdminViews" name="test_update_team" time="0.521580" /><testcase classname="brownfield_django.main.tests.test_models.TestAdminProfileFactory" name="test_unicode" time="0.347427" /><testcase classname="brownfield_django.main.tests.test_models.TestCourseFactory" name="test_unicode" time="0.178058" /><testcase classname="brownfield_django.main.tests.test_models.TestCourseMethods" name="test_course_get_documents" time="0.713650" /><testcase classname="brownfield_django.main.tests.test_models.TestCourseMethods" name="test_course_get_form" time="0.176305" /><testcase classname="brownfield_django.main.tests.test_models.TestCourseMethods" name="test_course_get_students" time="0.205369" /><testcase classname="brownfield_django.main.tests.test_models.TestCourseMethods" name="test_course_get_teams" time="0.516420" /><testcase classname="brownfield_django.main.tests.test_models.TestHistoryFactory" name="test_unicode" time="0.395341" /><testcase classname="brownfield_django.main.tests.test_models.TestPerformedTestFactory" name="test_unicode" time="0.003114" /><testcase classname="brownfield_django.main.tests.test_models.TestStudentProfileFactory" name="test_unicode" time="0.351663" /><testcase classname="brownfield_django.main.tests.test_models.TestTeacherProfileFactory" name="test_unicode" time="0.348437" /><testcase classname="brownfield_django.main.tests.test_models.TestTeamProfileFactory" name="test_unicode" time="0.356349" /><testcase classname="brownfield_django.main.tests.test_models.TestUserFactory" name="test_unicode" time="0.164315" /><testcase classname="brownfield_django.main.tests.test_models.TestUserProfileFactory" name="test_unicode" time="0.371789" /></testsuite>