<?xml version="1.0" encoding="utf-8"?>
<testsuites><testsuite name="brownfield_django.main.tests.test_models.BasicModelTest"><testcase classname="brownfield_django.main.tests.test_models.BasicModelTest" name="test_dummy" time="0.000076"></testcase></testsuite><testsuite name="brownfield_django.main.tests.test_views.BasicTest"><testcase classname="brownfield_django.main.tests.test_views.BasicTest" name="test_root" time="0.160266"></testcase><testcase classname="brownfield_django.main.tests.test_views.BasicTest" name="test_smoketest" time="0.004846"></testcase></testsuite><testsuite name="brownfield_django.main.tests.test_views.PagetreeViewTestsLoggedIn"><testcase classname="brownfield_django.main.tests.test_views.PagetreeViewTestsLoggedIn" name="test_edit_page" time="0.210766"></testcase><testcase classname="brownfield_django.main.tests.test_views.PagetreeViewTestsLoggedIn" name="test_instructor_page" time="0.125636"></testcase><testcase classname="brownfield_django.main.tests.test_views.PagetreeViewTestsLoggedIn" name="test_page" time="0.129657"></testcase></testsuite><testsuite name="brownfield_django.main.tests.test_views.PagetreeViewTestsLoggedOut"><testcase classname="brownfield_django.main.tests.test_views.PagetreeViewTestsLoggedOut" name="test_edit_page" time="0.012971"></testcase><testcase classname="brownfield_django.main.tests.test_views.PagetreeViewTestsLoggedOut" name="test_instructor_page" time="0.012586"></testcase><testcase classname="brownfield_django.main.tests.test_views.PagetreeViewTestsLoggedOut" name="test_page" time="0.041636"></testcase></testsuite></testsuites>