<testsuite errors="0" failures="0" name="Django Project Tests" skips="0" tests="38" time="6.452"><testcase classname="brownfield_django.main.tests.test_models.TestAdminProfileFactory" name="test_unicode" time="0.123553" /><testcase classname="brownfield_django.main.tests.test_models.TestCourseFactory" name="test_unicode" time="0.063245" /><testcase classname="brownfield_django.main.tests.test_models.TestCourseMethods" name="test_course_get_documents" time="0.368117" /><testcase classname="brownfield_django.main.tests.test_models.TestCourseMethods" name="test_course_get_form" time="0.104619" /><testcase classname="brownfield_django.main.tests.test_models.TestCourseMethods" name="test_course_get_students" time="0.218973" /><testcase classname="brownfield_django.main.tests.test_models.TestCourseMethods" name="test_course_get_teams" time="0.172088" /><testcase classname="brownfield_django.main.tests.test_models.TestHistoryFactory" name="test_unicode" time="0.134624" /><testcase classname="brownfield_django.main.tests.test_models.TestPerformedTestFactory" name="test_unicode" time="0.001642" /><testcase classname="brownfield_django.main.tests.test_models.TestTeacherProfileFactory" name="test_unicode" time="0.113359" /><testcase classname="brownfield_django.main.tests.test_models.TestTeamProfileFactory" name="test_unicode" time="0.110776" /><testcase classname="brownfield_django.main.tests.test_models.TestUserFactory" name="test_unicode" time="0.054330" /><testcase classname="brownfield_django.main.tests.test_models.TestUserProfileFactory" name="test_unicode" time="0.111580" /><testcase classname="brownfield_django.main.tests.test_views.BasicTest" name="test_root" time="0.116913" /><testcase classname="brownfield_django.main.tests.test_views.BasicTest" name="test_smoketest" time="0.017567" /><testcase classname="brownfield_django.main.tests.test_views.PagetreeViewTestsLoggedIn" name="test_edit_page" time="1.260982" /><testcase classname="brownfield_django.main.tests.test_views.PagetreeViewTestsLoggedIn" name="test_instructor_page" time="0.177986" /><testcase classname="brownfield_django.main.tests.test_views.PagetreeViewTestsLoggedIn" name="test_page" time="0.170474" /><testcase classname="brownfield_django.main.tests.test_views.PagetreeViewTestsLoggedOut" name="test_edit_page" time="0.011112" /><testcase classname="brownfield_django.main.tests.test_views.PagetreeViewTestsLoggedOut" name="test_instructor_page" time="0.011107" /><testcase classname="brownfield_django.main.tests.test_views.PagetreeViewTestsLoggedOut" name="test_page" time="0.043258" /><testcase classname="brownfield_django.main.tests.test_views.TestAnnonymousUserLogin" name="test_home" time="0.026334" /><testcase classname="brownfield_django.main.tests.test_admin_views.TestAdminLogin" name="test_add_course_by_name" time="0.183053" /><testcase classname="brownfield_django.main.tests.test_admin_views.TestAdminLogin" name="test_create_student" time="0.181604" /><testcase classname="brownfield_django.main.tests.test_admin_views.TestAdminLogin" name="test_get_all_courses" time="0.177523" /><testcase classname="brownfield_django.main.tests.test_admin_views.TestAdminLogin" name="test_get_course_details" time="0.174046" /><testcase classname="brownfield_django.main.tests.test_admin_views.TestAdminLogin" name="test_get_students" time="0.174825" /><testcase classname="brownfield_django.main.tests.test_admin_views.TestAdminLogin" name="test_get_team" time="0.176871" /><testcase classname="brownfield_django.main.tests.test_admin_views.TestAdminLogin" name="test_get_user_courses" time="0.178129" /><testcase classname="brownfield_django.main.tests.test_admin_views.TestAdminLogin" name="test_home" time="0.181928" /><testcase classname="brownfield_django.main.tests.test_admin_views.TestAdminLogin" name="test_home_redirect" time="0.175931" /><testcase classname="brownfield_django.main.tests.test_admin_views.TestAdminLogin" name="test_post_team" time="0.180108" /><testcase classname="brownfield_django.main.tests.test_admin_views.TestAdminLogin" name="test_release_document" time="0.175826" /><testcase classname="brownfield_django.main.tests.test_admin_views.TestAdminLogin" name="test_remove_course" time="0.176407" /><testcase classname="brownfield_django.main.tests.test_admin_views.TestAdminLogin" name="test_remove_student" time="0.179367" /><testcase classname="brownfield_django.main.tests.test_admin_views.TestAdminLogin" name="test_revoke_document" time="0.177866" /><testcase classname="brownfield_django.main.tests.test_admin_views.TestAdminLogin" name="test_update_course" time="0.177241" /><testcase classname="brownfield_django.main.tests.test_admin_views.TestAdminLogin" name="test_update_student" time="0.177658" /><testcase classname="brownfield_django.main.tests.test_admin_views.TestAdminLogin" name="test_update_team" time="0.176902" /></testsuite>