<testsuite errors="0" failures="0" name="Django Project Tests" skips="0" tests="31" time="13.819"><testcase classname="brownfield_django.main.tests.test_models.TestCourseFactory" name="test_unicode" time="0.066252" /><testcase classname="brownfield_django.main.tests.test_models.TestHistoryFactory" name="test_unicode" time="0.146406" /><testcase classname="brownfield_django.main.tests.test_models.TestPerformedTestFactory" name="test_unicode" time="0.001501" /><testcase classname="brownfield_django.main.tests.test_models.TestStudentProfileFactory" name="test_unicode" time="0.124343" /><testcase classname="brownfield_django.main.tests.test_models.TestTeacherProfileFactory" name="test_unicode" time="0.122010" /><testcase classname="brownfield_django.main.tests.test_models.TestTeamFactory" name="test_unicode" time="0.121178" /><testcase classname="brownfield_django.main.tests.test_models.TestUserFactory" name="test_unicode" time="0.060060" /><testcase classname="brownfield_django.main.tests.test_models.TestUserProfileFactory" name="test_unicode" time="0.264318" /><testcase classname="brownfield_django.main.tests.test_views.BasicTest" name="test_root" time="4.743433" /><testcase classname="brownfield_django.main.tests.test_views.BasicTest" name="test_smoketest" time="0.007005" /><testcase classname="brownfield_django.main.tests.test_views.PagetreeViewTestsLoggedIn" name="test_edit_page" time="3.270540" /><testcase classname="brownfield_django.main.tests.test_views.PagetreeViewTestsLoggedIn" name="test_instructor_page" time="0.181996" /><testcase classname="brownfield_django.main.tests.test_views.PagetreeViewTestsLoggedIn" name="test_page" time="0.209351" /><testcase classname="brownfield_django.main.tests.test_views.PagetreeViewTestsLoggedOut" name="test_edit_page" time="0.011119" /><testcase classname="brownfield_django.main.tests.test_views.PagetreeViewTestsLoggedOut" name="test_instructor_page" time="0.010683" /><testcase classname="brownfield_django.main.tests.test_views.PagetreeViewTestsLoggedOut" name="test_page" time="0.046538" /><testcase classname="brownfield_django.main.tests.test_views.TestAnnonymousUserLogin" name="test_home" time="0.060869" /><testcase classname="brownfield_django.main.tests.test_views.TestInstructorLogin" name="test_get_course" time="0.308384" /><testcase classname="brownfield_django.main.tests.test_views.TestInstructorLogin" name="test_get_document" time="0.301739" /><testcase classname="brownfield_django.main.tests.test_views.TestInstructorLogin" name="test_get_student" time="0.305537" /><testcase classname="brownfield_django.main.tests.test_views.TestInstructorLogin" name="test_get_team" time="0.295848" /><testcase classname="brownfield_django.main.tests.test_views.TestInstructorLogin" name="test_home" time="0.476323"><system-out>GET home view
</system-out></testcase><testcase classname="brownfield_django.main.tests.test_views.TestInstructorLogin" name="test_post_course" time="0.297193" /><testcase classname="brownfield_django.main.tests.test_views.TestInstructorLogin" name="test_post_document" time="0.295811" /><testcase classname="brownfield_django.main.tests.test_views.TestInstructorLogin" name="test_post_student" time="0.295449" /><testcase classname="brownfield_django.main.tests.test_views.TestInstructorLogin" name="test_post_team" time="0.295850" /><testcase classname="brownfield_django.main.tests.test_views.TestInstructorLogin" name="test_remove_course" time="0.297067" /><testcase classname="brownfield_django.main.tests.test_views.TestInstructorLogin" name="test_remove_student" time="0.297321" /><testcase classname="brownfield_django.main.tests.test_views.TestInstructorLogin" name="test_update_course" time="0.297454" /><testcase classname="brownfield_django.main.tests.test_views.TestInstructorLogin" name="test_update_student" time="0.297998" /><testcase classname="brownfield_django.main.tests.test_views.TestInstructorLogin" name="test_update_team" time="0.295796" /></testsuite>