<testsuite errors="0" failures="0" name="Django Project Tests" skips="0" tests="39" time="5.886"><testcase classname="brownfield_django.main.tests.test_models.TestAdminProfileFactory" name="test_unicode" time="0.130226" /><testcase classname="brownfield_django.main.tests.test_models.TestCourseFactory" name="test_unicode" time="0.058744" /><testcase classname="brownfield_django.main.tests.test_models.TestCourseMethods" name="test_course_get_documents" time="0.247992" /><testcase classname="brownfield_django.main.tests.test_models.TestCourseMethods" name="test_course_get_form" time="0.061020" /><testcase classname="brownfield_django.main.tests.test_models.TestCourseMethods" name="test_course_get_students" time="0.068815" /><testcase classname="brownfield_django.main.tests.test_models.TestCourseMethods" name="test_course_get_teams" time="0.184218" /><testcase classname="brownfield_django.main.tests.test_models.TestHistoryFactory" name="test_unicode" time="0.129298" /><testcase classname="brownfield_django.main.tests.test_models.TestPerformedTestFactory" name="test_unicode" time="0.001499" /><testcase classname="brownfield_django.main.tests.test_models.TestStudentProfileFactory" name="test_unicode" time="0.121697" /><testcase classname="brownfield_django.main.tests.test_models.TestTeacherProfileFactory" name="test_unicode" time="0.117588" /><testcase classname="brownfield_django.main.tests.test_models.TestTeamProfileFactory" name="test_unicode" time="0.121555" /><testcase classname="brownfield_django.main.tests.test_models.TestUserFactory" name="test_unicode" time="0.069570" /><testcase classname="brownfield_django.main.tests.test_models.TestUserProfileFactory" name="test_unicode" time="0.132427" /><testcase classname="brownfield_django.main.tests.test_views.BasicTest" name="test_root" time="0.128768" /><testcase classname="brownfield_django.main.tests.test_views.BasicTest" name="test_smoketest" time="0.003810" /><testcase classname="brownfield_django.main.tests.test_views.PagetreeViewTestsLoggedIn" name="test_edit_page" time="0.344795" /><testcase classname="brownfield_django.main.tests.test_views.PagetreeViewTestsLoggedIn" name="test_instructor_page" time="0.155139" /><testcase classname="brownfield_django.main.tests.test_views.PagetreeViewTestsLoggedIn" name="test_page" time="0.160945" /><testcase classname="brownfield_django.main.tests.test_views.PagetreeViewTestsLoggedOut" name="test_edit_page" time="0.010811" /><testcase classname="brownfield_django.main.tests.test_views.PagetreeViewTestsLoggedOut" name="test_instructor_page" time="0.010651" /><testcase classname="brownfield_django.main.tests.test_views.PagetreeViewTestsLoggedOut" name="test_page" time="0.043255" /><testcase classname="brownfield_django.main.tests.test_views.TestAnnonymousUserLogin" name="test_home" time="0.013453" /><testcase classname="brownfield_django.main.tests.test_admin_views.TestAdminViews" name="test_add_course_by_name" time="0.193146" /><testcase classname="brownfield_django.main.tests.test_admin_views.TestAdminViews" name="test_create_student" time="0.182876" /><testcase classname="brownfield_django.main.tests.test_admin_views.TestAdminViews" name="test_get_all_courses" time="0.188689" /><testcase classname="brownfield_django.main.tests.test_admin_views.TestAdminViews" name="test_get_course_details" time="0.185351" /><testcase classname="brownfield_django.main.tests.test_admin_views.TestAdminViews" name="test_get_documents" time="0.357957" /><testcase classname="brownfield_django.main.tests.test_admin_views.TestAdminViews" name="test_get_students" time="0.188299" /><testcase classname="brownfield_django.main.tests.test_admin_views.TestAdminViews" name="test_get_team" time="0.194374" /><testcase classname="brownfield_django.main.tests.test_admin_views.TestAdminViews" name="test_get_user_courses" time="0.185395" /><testcase classname="brownfield_django.main.tests.test_admin_views.TestAdminViews" name="test_home" time="0.198396" /><testcase classname="brownfield_django.main.tests.test_admin_views.TestAdminViews" name="test_home_redirect" time="0.212639" /><testcase classname="brownfield_django.main.tests.test_admin_views.TestAdminViews" name="test_post_team" time="0.201175" /><testcase classname="brownfield_django.main.tests.test_admin_views.TestAdminViews" name="test_release_revoke_document" time="0.344047" /><testcase classname="brownfield_django.main.tests.test_admin_views.TestAdminViews" name="test_remove_course" time="0.182721" /><testcase classname="brownfield_django.main.tests.test_admin_views.TestAdminViews" name="test_remove_student" time="0.183338" /><testcase classname="brownfield_django.main.tests.test_admin_views.TestAdminViews" name="test_update_course" time="0.182624" /><testcase classname="brownfield_django.main.tests.test_admin_views.TestAdminViews" name="test_update_student" time="0.180407" /><testcase classname="brownfield_django.main.tests.test_admin_views.TestAdminViews" name="test_update_team" time="0.194546" /></testsuite>