<testsuite errors="0" failures="0" name="Django Project Tests" skips="0" tests="38" time="5.429"><testcase classname="brownfield_django.main.tests.test_models.TestAdminProfileFactory" name="test_unicode" time="0.116855" /><testcase classname="brownfield_django.main.tests.test_models.TestCourseFactory" name="test_unicode" time="0.057797" /><testcase classname="brownfield_django.main.tests.test_models.TestCourseMethods" name="test_course_get_documents" time="0.234537" /><testcase classname="brownfield_django.main.tests.test_models.TestCourseMethods" name="test_course_get_form" time="0.060507" /><testcase classname="brownfield_django.main.tests.test_models.TestCourseMethods" name="test_course_get_students" time="0.185057" /><testcase classname="brownfield_django.main.tests.test_models.TestCourseMethods" name="test_course_get_teams" time="0.180971" /><testcase classname="brownfield_django.main.tests.test_models.TestHistoryFactory" name="test_unicode" time="0.118964" /><testcase classname="brownfield_django.main.tests.test_models.TestPerformedTestFactory" name="test_unicode" time="0.001568" /><testcase classname="brownfield_django.main.tests.test_models.TestTeacherProfileFactory" name="test_unicode" time="0.120850" /><testcase classname="brownfield_django.main.tests.test_models.TestTeamProfileFactory" name="test_unicode" time="0.116513" /><testcase classname="brownfield_django.main.tests.test_models.TestUserFactory" name="test_unicode" time="0.057557" /><testcase classname="brownfield_django.main.tests.test_models.TestUserProfileFactory" name="test_unicode" time="0.116390" /><testcase classname="brownfield_django.main.tests.test_views.BasicTest" name="test_root" time="0.121576" /><testcase classname="brownfield_django.main.tests.test_views.BasicTest" name="test_smoketest" time="0.003519" /><testcase classname="brownfield_django.main.tests.test_views.PagetreeViewTestsLoggedIn" name="test_edit_page" time="0.349998" /><testcase classname="brownfield_django.main.tests.test_views.PagetreeViewTestsLoggedIn" name="test_instructor_page" time="0.156290" /><testcase classname="brownfield_django.main.tests.test_views.PagetreeViewTestsLoggedIn" name="test_page" time="0.164982" /><testcase classname="brownfield_django.main.tests.test_views.PagetreeViewTestsLoggedOut" name="test_edit_page" time="0.011139" /><testcase classname="brownfield_django.main.tests.test_views.PagetreeViewTestsLoggedOut" name="test_instructor_page" time="0.011282" /><testcase classname="brownfield_django.main.tests.test_views.PagetreeViewTestsLoggedOut" name="test_page" time="0.044798" /><testcase classname="brownfield_django.main.tests.test_views.TestAnnonymousUserLogin" name="test_home" time="0.015036" /><testcase classname="brownfield_django.main.tests.test_admin_views.TestAdminLogin" name="test_add_course_by_name" time="0.194387" /><testcase classname="brownfield_django.main.tests.test_admin_views.TestAdminLogin" name="test_create_student" time="0.178837" /><testcase classname="brownfield_django.main.tests.test_admin_views.TestAdminLogin" name="test_get_all_courses" time="0.180544" /><testcase classname="brownfield_django.main.tests.test_admin_views.TestAdminLogin" name="test_get_course_details" time="0.185273" /><testcase classname="brownfield_django.main.tests.test_admin_views.TestAdminLogin" name="test_get_students" time="0.185848" /><testcase classname="brownfield_django.main.tests.test_admin_views.TestAdminLogin" name="test_get_team" time="0.181722" /><testcase classname="brownfield_django.main.tests.test_admin_views.TestAdminLogin" name="test_get_user_courses" time="0.179022" /><testcase classname="brownfield_django.main.tests.test_admin_views.TestAdminLogin" name="test_home" time="0.179816" /><testcase classname="brownfield_django.main.tests.test_admin_views.TestAdminLogin" name="test_home_redirect" time="0.176661" /><testcase classname="brownfield_django.main.tests.test_admin_views.TestAdminLogin" name="test_post_team" time="0.180288" /><testcase classname="brownfield_django.main.tests.test_admin_views.TestAdminLogin" name="test_release_document" time="0.214352" /><testcase classname="brownfield_django.main.tests.test_admin_views.TestAdminLogin" name="test_remove_course" time="0.183015" /><testcase classname="brownfield_django.main.tests.test_admin_views.TestAdminLogin" name="test_remove_student" time="0.180916" /><testcase classname="brownfield_django.main.tests.test_admin_views.TestAdminLogin" name="test_revoke_document" time="0.189445" /><testcase classname="brownfield_django.main.tests.test_admin_views.TestAdminLogin" name="test_update_course" time="0.193930" /><testcase classname="brownfield_django.main.tests.test_admin_views.TestAdminLogin" name="test_update_student" time="0.200267" /><testcase classname="brownfield_django.main.tests.test_admin_views.TestAdminLogin" name="test_update_team" time="0.185652" /></testsuite>