<?xml version="1.0" encoding="utf-8"?>
<testsuites><testsuite name="brownfield_django.main.tests.test_models.BasicModelTest"><testcase classname="brownfield_django.main.tests.test_models.BasicModelTest" name="test_dummy" time="0.000171"></testcase></testsuite><testsuite name="brownfield_django.main.tests.test_views.BasicTest"><testcase classname="brownfield_django.main.tests.test_views.BasicTest" name="test_root" time="0.743786"></testcase><testcase classname="brownfield_django.main.tests.test_views.BasicTest" name="test_smoketest" time="0.020099"></testcase></testsuite><testsuite name="brownfield_django.main.tests.test_views.PagetreeViewTestsLoggedIn"><testcase classname="brownfield_django.main.tests.test_views.PagetreeViewTestsLoggedIn" name="test_edit_page" time="0.386756"></testcase><testcase classname="brownfield_django.main.tests.test_views.PagetreeViewTestsLoggedIn" name="test_instructor_page" time="0.211711"></testcase><testcase classname="brownfield_django.main.tests.test_views.PagetreeViewTestsLoggedIn" name="test_page" time="0.229394"></testcase></testsuite><testsuite name="brownfield_django.main.tests.test_views.PagetreeViewTestsLoggedOut"><testcase classname="brownfield_django.main.tests.test_views.PagetreeViewTestsLoggedOut" name="test_edit_page" time="0.016770"></testcase><testcase classname="brownfield_django.main.tests.test_views.PagetreeViewTestsLoggedOut" name="test_instructor_page" time="0.016735"></testcase><testcase classname="brownfield_django.main.tests.test_views.PagetreeViewTestsLoggedOut" name="test_page" time="0.052793"></testcase></testsuite></testsuites>