<?xml version="1.0" encoding="utf-8"?>
<testsuites><testsuite name="brownfield_django.main.tests.test_models.BasicModelTest"><testcase classname="brownfield_django.main.tests.test_models.BasicModelTest" name="test_dummy" time="0.000260"></testcase></testsuite><testsuite name="brownfield_django.main.tests.test_views.BasicTest"><testcase classname="brownfield_django.main.tests.test_views.BasicTest" name="test_root" time="0.204824"></testcase><testcase classname="brownfield_django.main.tests.test_views.BasicTest" name="test_smoketest" time="0.003865"></testcase></testsuite><testsuite name="brownfield_django.main.tests.test_views.PagetreeViewTestsLoggedIn"><testcase classname="brownfield_django.main.tests.test_views.PagetreeViewTestsLoggedIn" name="test_edit_page" time="0.354276"></testcase><testcase classname="brownfield_django.main.tests.test_views.PagetreeViewTestsLoggedIn" name="test_instructor_page" time="0.218774"></testcase><testcase classname="brownfield_django.main.tests.test_views.PagetreeViewTestsLoggedIn" name="test_page" time="0.246386"></testcase></testsuite><testsuite name="brownfield_django.main.tests.test_views.PagetreeViewTestsLoggedOut"><testcase classname="brownfield_django.main.tests.test_views.PagetreeViewTestsLoggedOut" name="test_edit_page" time="0.017626"></testcase><testcase classname="brownfield_django.main.tests.test_views.PagetreeViewTestsLoggedOut" name="test_instructor_page" time="0.016632"></testcase><testcase classname="brownfield_django.main.tests.test_views.PagetreeViewTestsLoggedOut" name="test_page" time="0.060324"></testcase></testsuite></testsuites>